MPASM  5.51                      2SEGMENT.ASM   1-10-2019  17:07:51         PAGE  1


LOC  OBJECT CODE     LINE SOURCE TEXT
  VALUE

Warning[205]: Found directive in column 1. (LIST)
                      00001 LIST P=16F877A
Warning[205]: Found directive in column 1. (INCLUDE)
                      00002 INCLUDE "P16F877A.INC"
                      00001         LIST
                      00002 
                      00003 ;==========================================================================
                      00004 ;  MPASM PIC16F877A processor include
                      00005 ; 
                      00006 ;  (c) Copyright 1999-2013 Microchip Technology, All rights reserved
                      00007 ;==========================================================================
                      00008 
                      00566         LIST
Warning[205]: Found directive in column 1. (__CONFIG)
2007   3F31           00003 __CONFIG h'3F31'
  00000022            00004 SAG EQU H'22'
  00000023            00005 SOL EQU h'23'
  00000024            00006 SAYAC EQU h'24'
  00000025            00007 GECIK EQU H'25'
  00000026            00008 GECIK2 EQU h'26'
Warning[205]: Found directive in column 1. (ORG)
0000                  00009 ORG 0X00
Warning[203]: Found opcode in column 1. (GOTO)
0000   2813           00010 GOTO BASLA
Warning[205]: Found directive in column 1. (ORG)
0004                  00011 ORG 0X04
Warning[203]: Found opcode in column 1. (BTFSS)
0004   1C0C           00012 BTFSS PIR1,TMR1IF
Warning[203]: Found opcode in column 1. (RETFIE)
0005   0009           00013 RETFIE
Warning[203]: Found opcode in column 1. (BCF)
0006   100C           00014 BCF PIR1,TMR1IF
Warning[205]: Found directive in column 1. (BANKSEL)
0007   1283 1303      00015 BANKSEL TMR1H
Warning[203]: Found opcode in column 1. (MOVLW)
0009   303C           00016 MOVLW h'3C'
Warning[203]: Found opcode in column 1. (MOVWF)
000A   008F           00017 MOVWF TMR1H
Warning[203]: Found opcode in column 1. (MOVLW)
000B   30B0           00018 MOVLW h'B0'
Warning[203]: Found opcode in column 1. (MOVWF)
000C   008E           00019 MOVWF TMR1L
                      00020 
Warning[203]: Found opcode in column 1. (DECFSZ)
000D   0BA4           00021 DECFSZ SAYAC,F
Warning[203]: Found opcode in column 1. (RETFIE)
000E   0009           00022 RETFIE
Warning[203]: Found opcode in column 1. (MOVLW)
000F   3005           00023 MOVLW D'5'
Warning[203]: Found opcode in column 1. (MOVWF)
0010   00A4           00024 MOVWF SAYAC
Warning[203]: Found opcode in column 1. (GOTO)
0011   2838           00025 GOTO SAGG
MPASM  5.51                      2SEGMENT.ASM   1-10-2019  17:07:51         PAGE  2


LOC  OBJECT CODE     LINE SOURCE TEXT
  VALUE

0012                  00026 KESMECIK
Warning[203]: Found opcode in column 1. (RETFIE)
0012   0009           00027 RETFIE
                      00028 
0013                  00029 BASLA
Warning[205]: Found directive in column 1. (BANKSEL)
0013   1683 1303      00030 BANKSEL TRISB
Warning[203]: Found opcode in column 1. (CLRF)
Message[302]: Register in operand not in bank 0.  Ensure that bank bits are correct.
0015   0186           00031 CLRF TRISB
Warning[203]: Found opcode in column 1. (CLRF)
Message[302]: Register in operand not in bank 0.  Ensure that bank bits are correct.
0016   0185           00032 CLRF TRISA
Warning[205]: Found directive in column 1. (BANKSEL)
0017   1283 1303      00033 BANKSEL PORTB
Warning[203]: Found opcode in column 1. (CLRF)
0019   0186           00034 CLRF PORTB
Warning[203]: Found opcode in column 1. (CLRF)
001A   0185           00035 CLRF PORTA
Warning[205]: Found directive in column 1. (BANKSEL)
001B   1683 1303      00036 BANKSEL ADCON1
Warning[203]: Found opcode in column 1. (MOVLW)
001D   3006           00037 MOVLW h'06'
Warning[203]: Found opcode in column 1. (MOVWF)
Message[302]: Register in operand not in bank 0.  Ensure that bank bits are correct.
001E   009F           00038 MOVWF ADCON1
Warning[205]: Found directive in column 1. (BANKSEL)
001F   1283 1303      00039 BANKSEL INTCON
Warning[203]: Found opcode in column 1. (BSF)
0021   178B           00040 BSF INTCON,GIE
Warning[203]: Found opcode in column 1. (BSF)
0022   170B           00041 BSF INTCON,PEIE
Warning[205]: Found directive in column 1. (BANKSEL)
0023   1683 1303      00042 BANKSEL PIE1
Warning[203]: Found opcode in column 1. (BSF)
Message[302]: Register in operand not in bank 0.  Ensure that bank bits are correct.
0025   140C           00043 BSF PIE1,TMR1IE
Warning[205]: Found directive in column 1. (BANKSEL)
0026   1283 1303      00044 BANKSEL TMR1H
Warning[203]: Found opcode in column 1. (MOVLW)
0028   303C           00045 MOVLW h'3C'
Warning[203]: Found opcode in column 1. (MOVWF)
0029   008F           00046 MOVWF TMR1H
Warning[203]: Found opcode in column 1. (MOVLW)
002A   30B0           00047 MOVLW h'B0'
Warning[203]: Found opcode in column 1. (MOVWF)
002B   008E           00048 MOVWF TMR1L
Warning[205]: Found directive in column 1. (BANKSEL)
002C   1283 1303      00049 BANKSEL T1CON
Warning[203]: Found opcode in column 1. (MOVLW)
002E   3011           00050 MOVLW h'11'
Warning[203]: Found opcode in column 1. (MOVWF)
002F   0090           00051 MOVWF T1CON
MPASM  5.51                      2SEGMENT.ASM   1-10-2019  17:07:51         PAGE  3


LOC  OBJECT CODE     LINE SOURCE TEXT
  VALUE

Warning[205]: Found directive in column 1. (BANKSEL)
0030   1283 1303      00052 BANKSEL SAYAC
Warning[203]: Found opcode in column 1. (MOVLW)
0032   3005           00053 MOVLW d'5'
Warning[203]: Found opcode in column 1. (MOVWF)
0033   00A4           00054 MOVWF SAYAC
Warning[203]: Found opcode in column 1. (CLRF)
0034   01A2           00055 CLRF SAG
Warning[203]: Found opcode in column 1. (CLRF)
0035   01A3           00056 CLRF SOL
0036                  00057 DONGU 
Warning[203]: Found opcode in column 1. (CALL)
0036   2045           00058 CALL YAZ
Warning[203]: Found opcode in column 1. (GOTO)
0037   2836           00059 GOTO DONGU
                      00060 
0038                  00061 SAGG
Warning[203]: Found opcode in column 1. (MOVF)
0038   0822           00062 MOVF SAG,W
Warning[203]: Found opcode in column 1. (SUBLW)
0039   3C0A           00063 SUBLW d'10'
Warning[203]: Found opcode in column 1. (BTFSC)
003A   1803           00064 BTFSC STATUS,C
Warning[203]: Found opcode in column 1. (GOTO)
003B   2843           00065 GOTO SAGART
Warning[203]: Found opcode in column 1. (CLRF)
003C   01A2           00066 CLRF SAG
Warning[203]: Found opcode in column 1. (INCF)
Message[305]: Using default destination of 1 (file).
003D   0AA3           00067 INCF SOL
Warning[203]: Found opcode in column 1. (MOVF)
003E   0823           00068 MOVF SOL,W
Warning[203]: Found opcode in column 1. (SUBLW)
003F   3C05           00069 SUBLW d'5'
Warning[203]: Found opcode in column 1. (BTFSS)
0040   1C03           00070 BTFSS STATUS,C
Warning[203]: Found opcode in column 1. (GOTO)
0041   2854           00071 GOTO SIFIRLA
Warning[203]: Found opcode in column 1. (GOTO)
0042   2812           00072 GOTO KESMECIK
0043                  00073 SAGART
Warning[203]: Found opcode in column 1. (INCF)
0043   0AA2           00074 INCF SAG,F
Warning[203]: Found opcode in column 1. (GOTO)
0044   2812           00075 GOTO KESMECIK
                      00076 
0045                  00077 YAZ
Warning[203]: Found opcode in column 1. (CALL)
0045   2063           00078 CALL GECIKMEE
Warning[203]: Found opcode in column 1. (BSF)
0046   1485           00079 BSF PORTA,1
Warning[203]: Found opcode in column 1. (BCF)
0047   1005           00080 BCF PORTA,0
MPASM  5.51                      2SEGMENT.ASM   1-10-2019  17:07:51         PAGE  4


LOC  OBJECT CODE     LINE SOURCE TEXT
  VALUE

Warning[203]: Found opcode in column 1. (MOVF)
0048   0822           00081 MOVF SAG,W
Warning[203]: Found opcode in column 1. (CALL)
0049   2057           00082 CALL TABLO
Warning[203]: Found opcode in column 1. (MOVWF)
004A   0086           00083 MOVWF PORTB
Warning[203]: Found opcode in column 1. (CALL)
004B   2063           00084 CALL GECIKMEE
Warning[203]: Found opcode in column 1. (CLRF)
004C   0186           00085 CLRF PORTB
Warning[203]: Found opcode in column 1. (BCF)
004D   1085           00086 BCF PORTA,1
Warning[203]: Found opcode in column 1. (BSF)
004E   1405           00087 BSF PORTA,0
Warning[203]: Found opcode in column 1. (MOVF)
004F   0823           00088 MOVF SOL,W
Warning[203]: Found opcode in column 1. (CALL)
0050   2057           00089 CALL TABLO
Warning[203]: Found opcode in column 1. (MOVWF)
0051   0086           00090 MOVWF PORTB
Warning[203]: Found opcode in column 1. (NOP)
0052   0000           00091 NOP
                      00092 
Warning[203]: Found opcode in column 1. (RETURN)
0053   0008           00093 RETURN
0054                  00094 SIFIRLA
Warning[203]: Found opcode in column 1. (CLRF)
0054   01A2           00095 CLRF SAG
Warning[203]: Found opcode in column 1. (CLRF)
0055   01A3           00096 CLRF SOL
Warning[203]: Found opcode in column 1. (GOTO)
0056   2812           00097 GOTO KESMECIK
                      00098 
0057                  00099 TABLO
Warning[203]: Found opcode in column 1. (ADDWF)
0057   0782           00100 ADDWF PCL,F
Warning[203]: Found opcode in column 1. (RETLW)
0058   343F           00101 RETLW H'3F'                     ;b'00111111'
Warning[203]: Found opcode in column 1. (RETLW)
0059   3406           00102 RETLW H'06'                     ;b'00000110'
Warning[203]: Found opcode in column 1. (RETLW)
005A   345B           00103 RETLW H'5B'                     ;b'01011011' 
Warning[203]: Found opcode in column 1. (RETLW)
005B   344F           00104 RETLW H'4F'                     ;b'01001111'
Warning[203]: Found opcode in column 1. (RETLW)
005C   3466           00105 RETLW H'66'                     ;b'01100110' 
Warning[203]: Found opcode in column 1. (RETLW)
005D   346D           00106 RETLW H'6D'                     ;b'01101101' 
Warning[203]: Found opcode in column 1. (RETLW)
005E   347D           00107 RETLW H'7D'                     ;b'01111101' 
Warning[203]: Found opcode in column 1. (RETLW)
005F   3407           00108 RETLW H'07'                     ;b'00000111' 
Warning[203]: Found opcode in column 1. (RETLW)
MPASM  5.51                      2SEGMENT.ASM   1-10-2019  17:07:51         PAGE  5


LOC  OBJECT CODE     LINE SOURCE TEXT
  VALUE

0060   347F           00109 RETLW H'7F'                     ;b'01111111' 
Warning[203]: Found opcode in column 1. (RETLW)
0061   346F           00110 RETLW H'6F'                     ;b'01101111'
Warning[203]: Found opcode in column 1. (return)
0062   0008           00111 return
                      00112 
0063                  00113 GECIKMEE
Warning[203]: Found opcode in column 1. (MOVLW)
0063   30FF           00114 MOVLW h'FF'
Warning[203]: Found opcode in column 1. (MOVWF)
0064   00A5           00115 MOVWF GECIK
0065                  00116 DON 
Warning[203]: Found opcode in column 1. (DECFSZ)
0065   0BA5           00117 DECFSZ GECIK,F
Warning[203]: Found opcode in column 1. (GOTO)
0066   2865           00118 GOTO DON
Warning[203]: Found opcode in column 1. (RETURN)
0067   0008           00119 RETURN
Warning[205]: Found directive in column 1. (END)
                      00120 END
MPASM  5.51                      2SEGMENT.ASM   1-10-2019  17:07:51         PAGE  6


SYMBOL TABLE
  LABEL                             VALUE 

ACKDT                             00000005
ACKEN                             00000004
ACKSTAT                           00000006
ADCON0                            0000001F
ADCON1                            0000009F
ADCS0                             00000006
ADCS1                             00000007
ADCS2                             00000006
ADDEN                             00000003
ADFM                              00000007
ADIE                              00000006
ADIF                              00000006
ADON                              00000000
ADRESH                            0000001E
ADRESL                            0000009E
BASLA                             00000013
BCLIE                             00000003
BCLIF                             00000003
BF                                00000000
BRGH                              00000002
C                                 00000000
C1INV                             00000004
C1OUT                             00000006
C2INV                             00000005
C2OUT                             00000007
CCP1CON                           00000017
CCP1IE                            00000002
CCP1IF                            00000002
CCP1M0                            00000000
CCP1M1                            00000001
CCP1M2                            00000002
CCP1M3                            00000003
CCP1X                             00000005
CCP1Y                             00000004
CCP2CON                           0000001D
CCP2IE                            00000000
CCP2IF                            00000000
CCP2M0                            00000000
CCP2M1                            00000001
CCP2M2                            00000002
CCP2M3                            00000003
CCP2X                             00000005
CCP2Y                             00000004
CCPR1                             00000015
CCPR1H                            00000016
CCPR1L                            00000015
CCPR2                             0000001B
CCPR2H                            0000001C
CCPR2L                            0000001B
CHS0                              00000003
CHS1                              00000004
CHS2                              00000005
CIS                               00000003
MPASM  5.51                      2SEGMENT.ASM   1-10-2019  17:07:51         PAGE  7


SYMBOL TABLE
  LABEL                             VALUE 

CKE                               00000006
CKP                               00000004
CM0                               00000000
CM1                               00000001
CM2                               00000002
CMCON                             0000009C
CMIE                              00000006
CMIF                              00000006
CREN                              00000004
CSRC                              00000007
CVR0                              00000000
CVR1                              00000001
CVR2                              00000002
CVR3                              00000003
CVRCON                            0000009D
CVREN                             00000007
CVROE                             00000006
CVRR                              00000005
D                                 00000005
DATA_ADDRESS                      00000005
DC                                00000001
DON                               00000065
DONGU                             00000036
D_A                               00000005
D_NOT_A                           00000005
EEADR                             0000010D
EEADRH                            0000010F
EECON1                            0000018C
EECON2                            0000018D
EEDATA                            0000010C
EEDATH                            0000010E
EEIE                              00000004
EEIF                              00000004
EEPGD                             00000007
F                                 00000001
FERR                              00000002
FSR                               00000004
GCEN                              00000007
GECIK                             00000025
GECIK2                            00000026
GECIKMEE                          00000063
GIE                               00000007
GO                                00000002
GO_DONE                           00000002
GO_NOT_DONE                       00000002
I2C_DATA                          00000005
I2C_READ                          00000002
I2C_START                         00000003
I2C_STOP                          00000004
IBF                               00000007
IBOV                              00000005
INDF                              00000000
INTCON                            0000000B
MPASM  5.51                      2SEGMENT.ASM   1-10-2019  17:07:51         PAGE  8


SYMBOL TABLE
  LABEL                             VALUE 

INTE                              00000004
INTEDG                            00000006
INTF                              00000001
IRP                               00000007
KESMECIK                          00000012
NOT_A                             00000005
NOT_ADDRESS                       00000005
NOT_BO                            00000000
NOT_BOR                           00000000
NOT_DONE                          00000002
NOT_PD                            00000003
NOT_POR                           00000001
NOT_RBPU                          00000007
NOT_RC8                           00000006
NOT_T1SYNC                        00000002
NOT_TO                            00000004
NOT_TX8                           00000006
NOT_W                             00000002
NOT_WRITE                         00000002
OBF                               00000006
OERR                              00000001
OPTION_REG                        00000081
P                                 00000004
PCFG0                             00000000
PCFG1                             00000001
PCFG2                             00000002
PCFG3                             00000003
PCL                               00000002
PCLATH                            0000000A
PCON                              0000008E
PEIE                              00000006
PEN                               00000002
PIE1                              0000008C
PIE2                              0000008D
PIR1                              0000000C
PIR2                              0000000D
PORTA                             00000005
PORTB                             00000006
PORTC                             00000007
PORTD                             00000008
PORTE                             00000009
PR2                               00000092
PS0                               00000000
PS1                               00000001
PS2                               00000002
PSA                               00000003
PSPIE                             00000007
PSPIF                             00000007
PSPMODE                           00000004
R                                 00000002
RA0                               00000000
RA1                               00000001
RA2                               00000002
MPASM  5.51                      2SEGMENT.ASM   1-10-2019  17:07:51         PAGE  9


SYMBOL TABLE
  LABEL                             VALUE 

RA3                               00000003
RA4                               00000004
RA5                               00000005
RB0                               00000000
RB1                               00000001
RB2                               00000002
RB3                               00000003
RB4                               00000004
RB5                               00000005
RB6                               00000006
RB7                               00000007
RBIE                              00000003
RBIF                              00000000
RC0                               00000000
RC1                               00000001
RC2                               00000002
RC3                               00000003
RC4                               00000004
RC5                               00000005
RC6                               00000006
RC7                               00000007
RC8_9                             00000006
RC9                               00000006
RCD8                              00000000
RCEN                              00000003
RCIE                              00000005
RCIF                              00000005
RCREG                             0000001A
RCSTA                             00000018
RD                                00000000
RD0                               00000000
RD1                               00000001
RD2                               00000002
RD3                               00000003
RD4                               00000004
RD5                               00000005
RD6                               00000006
RD7                               00000007
RE0                               00000000
RE1                               00000001
RE2                               00000002
READ_WRITE                        00000002
RP0                               00000005
RP1                               00000006
RSEN                              00000001
RX9                               00000006
RX9D                              00000000
R_NOT_W                           00000002
R_W                               00000002
S                                 00000003
SAG                               00000022
SAGART                            00000043
SAGG                              00000038
MPASM  5.51                      2SEGMENT.ASM   1-10-2019  17:07:51         PAGE 10


SYMBOL TABLE
  LABEL                             VALUE 

SAYAC                             00000024
SEN                               00000000
SIFIRLA                           00000054
SMP                               00000007
SOL                               00000023
SPBRG                             00000099
SPEN                              00000007
SREN                              00000005
SSPADD                            00000093
SSPBUF                            00000013
SSPCON                            00000014
SSPCON2                           00000091
SSPEN                             00000005
SSPIE                             00000003
SSPIF                             00000003
SSPM0                             00000000
SSPM1                             00000001
SSPM2                             00000002
SSPM3                             00000003
SSPOV                             00000006
SSPSTAT                           00000094
STATUS                            00000003
SYNC                              00000004
T0CS                              00000005
T0IE                              00000005
T0IF                              00000002
T0SE                              00000004
T1CKPS0                           00000004
T1CKPS1                           00000005
T1CON                             00000010
T1INSYNC                          00000002
T1OSCEN                           00000003
T1SYNC                            00000002
T2CKPS0                           00000000
T2CKPS1                           00000001
T2CON                             00000012
TABLO                             00000057
TMR0                              00000001
TMR0IE                            00000005
TMR0IF                            00000002
TMR1                              0000000E
TMR1CS                            00000001
TMR1H                             0000000F
TMR1IE                            00000000
TMR1IF                            00000000
TMR1L                             0000000E
TMR1ON                            00000000
TMR2                              00000011
TMR2IE                            00000001
TMR2IF                            00000001
TMR2ON                            00000002
TOUTPS0                           00000003
TOUTPS1                           00000004
MPASM  5.51                      2SEGMENT.ASM   1-10-2019  17:07:51         PAGE 11


SYMBOL TABLE
  LABEL                             VALUE 

TOUTPS2                           00000005
TOUTPS3                           00000006
TRISA                             00000085
TRISA0                            00000000
TRISA1                            00000001
TRISA2                            00000002
TRISA3                            00000003
TRISA4                            00000004
TRISA5                            00000005
TRISB                             00000086
TRISB0                            00000000
TRISB1                            00000001
TRISB2                            00000002
TRISB3                            00000003
TRISB4                            00000004
TRISB5                            00000005
TRISB6                            00000006
TRISB7                            00000007
TRISC                             00000087
TRISC0                            00000000
TRISC1                            00000001
TRISC2                            00000002
TRISC3                            00000003
TRISC4                            00000004
TRISC5                            00000005
TRISC6                            00000006
TRISC7                            00000007
TRISD                             00000088
TRISD0                            00000000
TRISD1                            00000001
TRISD2                            00000002
TRISD3                            00000003
TRISD4                            00000004
TRISD5                            00000005
TRISD6                            00000006
TRISD7                            00000007
TRISE                             00000089
TRISE0                            00000000
TRISE1                            00000001
TRISE2                            00000002
TRMT                              00000001
TX8_9                             00000006
TX9                               00000006
TX9D                              00000000
TXD8                              00000000
TXEN                              00000005
TXIE                              00000004
TXIF                              00000004
TXREG                             00000019
TXSTA                             00000098
UA                                00000001
W                                 00000000
WCOL                              00000007
MPASM  5.51                      2SEGMENT.ASM   1-10-2019  17:07:51         PAGE 12


SYMBOL TABLE
  LABEL                             VALUE 

WR                                00000001
WREN                              00000002
WRERR                             00000003
YAZ                               00000045
Z                                 00000002
_BODEN_OFF                        00003FBF
_BODEN_ON                         00003FFF
_BOREN_OFF                        00003FBF
_BOREN_ON                         00003FFF
_CONFIG                           00002007
_CPD_OFF                          00003FFF
_CPD_ON                           00003EFF
_CP_ALL                           00001FFF
_CP_OFF                           00003FFF
_CP_ON                            00001FFF
_DEBUG_OFF                        00003FFF
_DEBUG_ON                         000037FF
_DEVID1                           00002006
_FOSC_EXTRC                       00003FFF
_FOSC_HS                          00003FFE
_FOSC_LP                          00003FFC
_FOSC_XT                          00003FFD
_HS_OSC                           00003FFE
_IDLOC0                           00002000
_IDLOC1                           00002001
_IDLOC2                           00002002
_IDLOC3                           00002003
_LP_OSC                           00003FFC
_LVP_OFF                          00003F7F
_LVP_ON                           00003FFF
_PWRTE_OFF                        00003FFF
_PWRTE_ON                         00003FF7
_RC_OSC                           00003FFF
_WDTE_OFF                         00003FFB
_WDTE_ON                          00003FFF
_WDT_OFF                          00003FFB
_WDT_ON                           00003FFF
_WRT_1FOURTH                      00003BFF
_WRT_256                          00003DFF
_WRT_HALF                         000039FF
_WRT_OFF                          00003FFF
_XT_OSC                           00003FFD
__16F877A                         00000001
__DEBUG                           1
MPASM  5.51                      2SEGMENT.ASM   1-10-2019  17:07:51         PAGE 13


MEMORY USAGE MAP ('X' = Used,  '-' = Unused)


0000 : X---XXXXXXXXXXXX XXXXXXXXXXXXXXXX XXXXXXXXXXXXXXXX XXXXXXXXXXXXXXXX
0040 : XXXXXXXXXXXXXXXX XXXXXXXXXXXXXXXX XXXXXXXX-------- ----------------
2000 : -------X-------- ---------------- ---------------- ----------------

All other memory blocks unused.

Program Memory Words Used:   101
Program Memory Words Free:  8091


Errors   :     0
Warnings :    98 reported,     0 suppressed
Messages :     5 reported,     0 suppressed

