Warning[205] C:\USERS\ASUS\DOCUMENTS\MPLABORNEKLER\2SEGMENT.ASM 1 : Found directive in column 1. (LIST)
Warning[205] C:\USERS\ASUS\DOCUMENTS\MPLABORNEKLER\2SEGMENT.ASM 2 : Found directive in column 1. (INCLUDE)
Warning[205] C:\USERS\ASUS\DOCUMENTS\MPLABORNEKLER\2SEGMENT.ASM 3 : Found directive in column 1. (__CONFIG)
Warning[205] C:\USERS\ASUS\DOCUMENTS\MPLABORNEKLER\2SEGMENT.ASM 9 : Found directive in column 1. (ORG)
Warning[203] C:\USERS\ASUS\DOCUMENTS\MPLABORNEKLER\2SEGMENT.ASM 10 : Found opcode in column 1. (GOTO)
Warning[205] C:\USERS\ASUS\DOCUMENTS\MPLABORNEKLER\2SEGMENT.ASM 11 : Found directive in column 1. (ORG)
Warning[203] C:\USERS\ASUS\DOCUMENTS\MPLABORNEKLER\2SEGMENT.ASM 12 : Found opcode in column 1. (BTFSS)
Warning[203] C:\USERS\ASUS\DOCUMENTS\MPLABORNEKLER\2SEGMENT.ASM 13 : Found opcode in column 1. (RETFIE)
Warning[203] C:\USERS\ASUS\DOCUMENTS\MPLABORNEKLER\2SEGMENT.ASM 14 : Found opcode in column 1. (BCF)
Warning[205] C:\USERS\ASUS\DOCUMENTS\MPLABORNEKLER\2SEGMENT.ASM 15 : Found directive in column 1. (BANKSEL)
Warning[203] C:\USERS\ASUS\DOCUMENTS\MPLABORNEKLER\2SEGMENT.ASM 16 : Found opcode in column 1. (MOVLW)
Warning[203] C:\USERS\ASUS\DOCUMENTS\MPLABORNEKLER\2SEGMENT.ASM 17 : Found opcode in column 1. (MOVWF)
Warning[203] C:\USERS\ASUS\DOCUMENTS\MPLABORNEKLER\2SEGMENT.ASM 18 : Found opcode in column 1. (MOVLW)
Warning[203] C:\USERS\ASUS\DOCUMENTS\MPLABORNEKLER\2SEGMENT.ASM 19 : Found opcode in column 1. (MOVWF)
Warning[203] C:\USERS\ASUS\DOCUMENTS\MPLABORNEKLER\2SEGMENT.ASM 21 : Found opcode in column 1. (DECFSZ)
Warning[203] C:\USERS\ASUS\DOCUMENTS\MPLABORNEKLER\2SEGMENT.ASM 22 : Found opcode in column 1. (RETFIE)
Warning[203] C:\USERS\ASUS\DOCUMENTS\MPLABORNEKLER\2SEGMENT.ASM 23 : Found opcode in column 1. (MOVLW)
Warning[203] C:\USERS\ASUS\DOCUMENTS\MPLABORNEKLER\2SEGMENT.ASM 24 : Found opcode in column 1. (MOVWF)
Warning[203] C:\USERS\ASUS\DOCUMENTS\MPLABORNEKLER\2SEGMENT.ASM 25 : Found opcode in column 1. (GOTO)
Warning[203] C:\USERS\ASUS\DOCUMENTS\MPLABORNEKLER\2SEGMENT.ASM 27 : Found opcode in column 1. (RETFIE)
Warning[205] C:\USERS\ASUS\DOCUMENTS\MPLABORNEKLER\2SEGMENT.ASM 30 : Found directive in column 1. (BANKSEL)
Warning[203] C:\USERS\ASUS\DOCUMENTS\MPLABORNEKLER\2SEGMENT.ASM 31 : Found opcode in column 1. (CLRF)
Message[302] C:\USERS\ASUS\DOCUMENTS\MPLABORNEKLER\2SEGMENT.ASM 31 : Register in operand not in bank 0.  Ensure that bank bits are correct.
Warning[203] C:\USERS\ASUS\DOCUMENTS\MPLABORNEKLER\2SEGMENT.ASM 32 : Found opcode in column 1. (CLRF)
Message[302] C:\USERS\ASUS\DOCUMENTS\MPLABORNEKLER\2SEGMENT.ASM 32 : Register in operand not in bank 0.  Ensure that bank bits are correct.
Warning[205] C:\USERS\ASUS\DOCUMENTS\MPLABORNEKLER\2SEGMENT.ASM 33 : Found directive in column 1. (BANKSEL)
Warning[203] C:\USERS\ASUS\DOCUMENTS\MPLABORNEKLER\2SEGMENT.ASM 34 : Found opcode in column 1. (CLRF)
Warning[203] C:\USERS\ASUS\DOCUMENTS\MPLABORNEKLER\2SEGMENT.ASM 35 : Found opcode in column 1. (CLRF)
Warning[205] C:\USERS\ASUS\DOCUMENTS\MPLABORNEKLER\2SEGMENT.ASM 36 : Found directive in column 1. (BANKSEL)
Warning[203] C:\USERS\ASUS\DOCUMENTS\MPLABORNEKLER\2SEGMENT.ASM 37 : Found opcode in column 1. (MOVLW)
Warning[203] C:\USERS\ASUS\DOCUMENTS\MPLABORNEKLER\2SEGMENT.ASM 38 : Found opcode in column 1. (MOVWF)
Message[302] C:\USERS\ASUS\DOCUMENTS\MPLABORNEKLER\2SEGMENT.ASM 38 : Register in operand not in bank 0.  Ensure that bank bits are correct.
Warning[205] C:\USERS\ASUS\DOCUMENTS\MPLABORNEKLER\2SEGMENT.ASM 39 : Found directive in column 1. (BANKSEL)
Warning[203] C:\USERS\ASUS\DOCUMENTS\MPLABORNEKLER\2SEGMENT.ASM 40 : Found opcode in column 1. (BSF)
Warning[203] C:\USERS\ASUS\DOCUMENTS\MPLABORNEKLER\2SEGMENT.ASM 41 : Found opcode in column 1. (BSF)
Warning[205] C:\USERS\ASUS\DOCUMENTS\MPLABORNEKLER\2SEGMENT.ASM 42 : Found directive in column 1. (BANKSEL)
Warning[203] C:\USERS\ASUS\DOCUMENTS\MPLABORNEKLER\2SEGMENT.ASM 43 : Found opcode in column 1. (BSF)
Message[302] C:\USERS\ASUS\DOCUMENTS\MPLABORNEKLER\2SEGMENT.ASM 43 : Register in operand not in bank 0.  Ensure that bank bits are correct.
Warning[205] C:\USERS\ASUS\DOCUMENTS\MPLABORNEKLER\2SEGMENT.ASM 44 : Found directive in column 1. (BANKSEL)
Warning[203] C:\USERS\ASUS\DOCUMENTS\MPLABORNEKLER\2SEGMENT.ASM 45 : Found opcode in column 1. (MOVLW)
Warning[203] C:\USERS\ASUS\DOCUMENTS\MPLABORNEKLER\2SEGMENT.ASM 46 : Found opcode in column 1. (MOVWF)
Warning[203] C:\USERS\ASUS\DOCUMENTS\MPLABORNEKLER\2SEGMENT.ASM 47 : Found opcode in column 1. (MOVLW)
Warning[203] C:\USERS\ASUS\DOCUMENTS\MPLABORNEKLER\2SEGMENT.ASM 48 : Found opcode in column 1. (MOVWF)
Warning[205] C:\USERS\ASUS\DOCUMENTS\MPLABORNEKLER\2SEGMENT.ASM 49 : Found directive in column 1. (BANKSEL)
Warning[203] C:\USERS\ASUS\DOCUMENTS\MPLABORNEKLER\2SEGMENT.ASM 50 : Found opcode in column 1. (MOVLW)
Warning[203] C:\USERS\ASUS\DOCUMENTS\MPLABORNEKLER\2SEGMENT.ASM 51 : Found opcode in column 1. (MOVWF)
Warning[205] C:\USERS\ASUS\DOCUMENTS\MPLABORNEKLER\2SEGMENT.ASM 52 : Found directive in column 1. (BANKSEL)
Warning[203] C:\USERS\ASUS\DOCUMENTS\MPLABORNEKLER\2SEGMENT.ASM 53 : Found opcode in column 1. (MOVLW)
Warning[203] C:\USERS\ASUS\DOCUMENTS\MPLABORNEKLER\2SEGMENT.ASM 54 : Found opcode in column 1. (MOVWF)
Warning[203] C:\USERS\ASUS\DOCUMENTS\MPLABORNEKLER\2SEGMENT.ASM 55 : Found opcode in column 1. (CLRF)
Warning[203] C:\USERS\ASUS\DOCUMENTS\MPLABORNEKLER\2SEGMENT.ASM 56 : Found opcode in column 1. (CLRF)
Warning[203] C:\USERS\ASUS\DOCUMENTS\MPLABORNEKLER\2SEGMENT.ASM 58 : Found opcode in column 1. (CALL)
Warning[203] C:\USERS\ASUS\DOCUMENTS\MPLABORNEKLER\2SEGMENT.ASM 59 : Found opcode in column 1. (GOTO)
Warning[203] C:\USERS\ASUS\DOCUMENTS\MPLABORNEKLER\2SEGMENT.ASM 62 : Found opcode in column 1. (MOVF)
Warning[203] C:\USERS\ASUS\DOCUMENTS\MPLABORNEKLER\2SEGMENT.ASM 63 : Found opcode in column 1. (SUBLW)
Warning[203] C:\USERS\ASUS\DOCUMENTS\MPLABORNEKLER\2SEGMENT.ASM 64 : Found opcode in column 1. (BTFSC)
Warning[203] C:\USERS\ASUS\DOCUMENTS\MPLABORNEKLER\2SEGMENT.ASM 65 : Found opcode in column 1. (GOTO)
Warning[203] C:\USERS\ASUS\DOCUMENTS\MPLABORNEKLER\2SEGMENT.ASM 66 : Found opcode in column 1. (CLRF)
Warning[203] C:\USERS\ASUS\DOCUMENTS\MPLABORNEKLER\2SEGMENT.ASM 67 : Found opcode in column 1. (INCF)
Message[305] C:\USERS\ASUS\DOCUMENTS\MPLABORNEKLER\2SEGMENT.ASM 67 : Using default destination of 1 (file).
Warning[203] C:\USERS\ASUS\DOCUMENTS\MPLABORNEKLER\2SEGMENT.ASM 68 : Found opcode in column 1. (MOVF)
Warning[203] C:\USERS\ASUS\DOCUMENTS\MPLABORNEKLER\2SEGMENT.ASM 69 : Found opcode in column 1. (SUBLW)
Warning[203] C:\USERS\ASUS\DOCUMENTS\MPLABORNEKLER\2SEGMENT.ASM 70 : Found opcode in column 1. (BTFSS)
Warning[203] C:\USERS\ASUS\DOCUMENTS\MPLABORNEKLER\2SEGMENT.ASM 71 : Found opcode in column 1. (GOTO)
Warning[203] C:\USERS\ASUS\DOCUMENTS\MPLABORNEKLER\2SEGMENT.ASM 72 : Found opcode in column 1. (GOTO)
Warning[203] C:\USERS\ASUS\DOCUMENTS\MPLABORNEKLER\2SEGMENT.ASM 74 : Found opcode in column 1. (INCF)
Warning[203] C:\USERS\ASUS\DOCUMENTS\MPLABORNEKLER\2SEGMENT.ASM 75 : Found opcode in column 1. (GOTO)
Warning[203] C:\USERS\ASUS\DOCUMENTS\MPLABORNEKLER\2SEGMENT.ASM 78 : Found opcode in column 1. (CALL)
Warning[203] C:\USERS\ASUS\DOCUMENTS\MPLABORNEKLER\2SEGMENT.ASM 79 : Found opcode in column 1. (BSF)
Warning[203] C:\USERS\ASUS\DOCUMENTS\MPLABORNEKLER\2SEGMENT.ASM 80 : Found opcode in column 1. (BCF)
Warning[203] C:\USERS\ASUS\DOCUMENTS\MPLABORNEKLER\2SEGMENT.ASM 81 : Found opcode in column 1. (MOVF)
Warning[203] C:\USERS\ASUS\DOCUMENTS\MPLABORNEKLER\2SEGMENT.ASM 82 : Found opcode in column 1. (CALL)
Warning[203] C:\USERS\ASUS\DOCUMENTS\MPLABORNEKLER\2SEGMENT.ASM 83 : Found opcode in column 1. (MOVWF)
Warning[203] C:\USERS\ASUS\DOCUMENTS\MPLABORNEKLER\2SEGMENT.ASM 84 : Found opcode in column 1. (CALL)
Warning[203] C:\USERS\ASUS\DOCUMENTS\MPLABORNEKLER\2SEGMENT.ASM 85 : Found opcode in column 1. (CLRF)
Warning[203] C:\USERS\ASUS\DOCUMENTS\MPLABORNEKLER\2SEGMENT.ASM 86 : Found opcode in column 1. (BCF)
Warning[203] C:\USERS\ASUS\DOCUMENTS\MPLABORNEKLER\2SEGMENT.ASM 87 : Found opcode in column 1. (BSF)
Warning[203] C:\USERS\ASUS\DOCUMENTS\MPLABORNEKLER\2SEGMENT.ASM 88 : Found opcode in column 1. (MOVF)
Warning[203] C:\USERS\ASUS\DOCUMENTS\MPLABORNEKLER\2SEGMENT.ASM 89 : Found opcode in column 1. (CALL)
Warning[203] C:\USERS\ASUS\DOCUMENTS\MPLABORNEKLER\2SEGMENT.ASM 90 : Found opcode in column 1. (MOVWF)
Warning[203] C:\USERS\ASUS\DOCUMENTS\MPLABORNEKLER\2SEGMENT.ASM 91 : Found opcode in column 1. (NOP)
Warning[203] C:\USERS\ASUS\DOCUMENTS\MPLABORNEKLER\2SEGMENT.ASM 93 : Found opcode in column 1. (RETURN)
Warning[203] C:\USERS\ASUS\DOCUMENTS\MPLABORNEKLER\2SEGMENT.ASM 95 : Found opcode in column 1. (CLRF)
Warning[203] C:\USERS\ASUS\DOCUMENTS\MPLABORNEKLER\2SEGMENT.ASM 96 : Found opcode in column 1. (CLRF)
Warning[203] C:\USERS\ASUS\DOCUMENTS\MPLABORNEKLER\2SEGMENT.ASM 97 : Found opcode in column 1. (GOTO)
Warning[203] C:\USERS\ASUS\DOCUMENTS\MPLABORNEKLER\2SEGMENT.ASM 100 : Found opcode in column 1. (ADDWF)
Warning[203] C:\USERS\ASUS\DOCUMENTS\MPLABORNEKLER\2SEGMENT.ASM 101 : Found opcode in column 1. (RETLW)
Warning[203] C:\USERS\ASUS\DOCUMENTS\MPLABORNEKLER\2SEGMENT.ASM 102 : Found opcode in column 1. (RETLW)
Warning[203] C:\USERS\ASUS\DOCUMENTS\MPLABORNEKLER\2SEGMENT.ASM 103 : Found opcode in column 1. (RETLW)
Warning[203] C:\USERS\ASUS\DOCUMENTS\MPLABORNEKLER\2SEGMENT.ASM 104 : Found opcode in column 1. (RETLW)
Warning[203] C:\USERS\ASUS\DOCUMENTS\MPLABORNEKLER\2SEGMENT.ASM 105 : Found opcode in column 1. (RETLW)
Warning[203] C:\USERS\ASUS\DOCUMENTS\MPLABORNEKLER\2SEGMENT.ASM 106 : Found opcode in column 1. (RETLW)
Warning[203] C:\USERS\ASUS\DOCUMENTS\MPLABORNEKLER\2SEGMENT.ASM 107 : Found opcode in column 1. (RETLW)
Warning[203] C:\USERS\ASUS\DOCUMENTS\MPLABORNEKLER\2SEGMENT.ASM 108 : Found opcode in column 1. (RETLW)
Warning[203] C:\USERS\ASUS\DOCUMENTS\MPLABORNEKLER\2SEGMENT.ASM 109 : Found opcode in column 1. (RETLW)
Warning[203] C:\USERS\ASUS\DOCUMENTS\MPLABORNEKLER\2SEGMENT.ASM 110 : Found opcode in column 1. (RETLW)
Warning[203] C:\USERS\ASUS\DOCUMENTS\MPLABORNEKLER\2SEGMENT.ASM 111 : Found opcode in column 1. (return)
Warning[203] C:\USERS\ASUS\DOCUMENTS\MPLABORNEKLER\2SEGMENT.ASM 114 : Found opcode in column 1. (MOVLW)
Warning[203] C:\USERS\ASUS\DOCUMENTS\MPLABORNEKLER\2SEGMENT.ASM 115 : Found opcode in column 1. (MOVWF)
Warning[203] C:\USERS\ASUS\DOCUMENTS\MPLABORNEKLER\2SEGMENT.ASM 117 : Found opcode in column 1. (DECFSZ)
Warning[203] C:\USERS\ASUS\DOCUMENTS\MPLABORNEKLER\2SEGMENT.ASM 118 : Found opcode in column 1. (GOTO)
Warning[203] C:\USERS\ASUS\DOCUMENTS\MPLABORNEKLER\2SEGMENT.ASM 119 : Found opcode in column 1. (RETURN)
Warning[205] C:\USERS\ASUS\DOCUMENTS\MPLABORNEKLER\2SEGMENT.ASM 120 : Found directive in column 1. (END)
