Warning[205] C:\USERS\ASUS\DOCUMENTS\MPLABORNEKLER\BOLME.ASM 1 : Found directive in column 1. (LIST)
Warning[205] C:\USERS\ASUS\DOCUMENTS\MPLABORNEKLER\BOLME.ASM 2 : Found directive in column 1. (INCLUDE)
Warning[205] C:\USERS\ASUS\DOCUMENTS\MPLABORNEKLER\BOLME.ASM 3 : Found directive in column 1. (__CONFIG)
Warning[205] C:\USERS\ASUS\DOCUMENTS\MPLABORNEKLER\BOLME.ASM 10 : Found directive in column 1. (ORG)
Warning[203] C:\USERS\ASUS\DOCUMENTS\MPLABORNEKLER\BOLME.ASM 11 : Found opcode in column 1. (GOTO)
Warning[205] C:\USERS\ASUS\DOCUMENTS\MPLABORNEKLER\BOLME.ASM 12 : Found directive in column 1. (ORG)
Warning[207] C:\USERS\ASUS\DOCUMENTS\MPLABORNEKLER\BOLME.ASM 14 : Found label after column 1. (KESME)
Warning[205] C:\USERS\ASUS\DOCUMENTS\MPLABORNEKLER\BOLME.ASM 15 : Found directive in column 1. (BANKSEL)
Warning[203] C:\USERS\ASUS\DOCUMENTS\MPLABORNEKLER\BOLME.ASM 16 : Found opcode in column 1. (BTFSS)
Warning[203] C:\USERS\ASUS\DOCUMENTS\MPLABORNEKLER\BOLME.ASM 17 : Found opcode in column 1. (RETFIE)
Warning[205] C:\USERS\ASUS\DOCUMENTS\MPLABORNEKLER\BOLME.ASM 19 : Found directive in column 1. (BANKSEL)
Warning[203] C:\USERS\ASUS\DOCUMENTS\MPLABORNEKLER\BOLME.ASM 20 : Found opcode in column 1. (BCF)
Warning[205] C:\USERS\ASUS\DOCUMENTS\MPLABORNEKLER\BOLME.ASM 21 : Found directive in column 1. (BANKSEL)
Warning[203] C:\USERS\ASUS\DOCUMENTS\MPLABORNEKLER\BOLME.ASM 22 : Found opcode in column 1. (MOVF)
Warning[203] C:\USERS\ASUS\DOCUMENTS\MPLABORNEKLER\BOLME.ASM 25 : Found opcode in column 1. (MOVWF)
Warning[205] C:\USERS\ASUS\DOCUMENTS\MPLABORNEKLER\BOLME.ASM 26 : Found directive in column 1. (BANKSEL)
Warning[203] C:\USERS\ASUS\DOCUMENTS\MPLABORNEKLER\BOLME.ASM 27 : Found opcode in column 1. (MOVF)
Message[302] C:\USERS\ASUS\DOCUMENTS\MPLABORNEKLER\BOLME.ASM 27 : Register in operand not in bank 0.  Ensure that bank bits are correct.
Warning[205] C:\USERS\ASUS\DOCUMENTS\MPLABORNEKLER\BOLME.ASM 30 : Found directive in column 1. (BANKSEL)
Warning[203] C:\USERS\ASUS\DOCUMENTS\MPLABORNEKLER\BOLME.ASM 31 : Found opcode in column 1. (MOVWF)
Warning[205] C:\USERS\ASUS\DOCUMENTS\MPLABORNEKLER\BOLME.ASM 33 : Found directive in column 1. (BANKSEL)
Warning[203] C:\USERS\ASUS\DOCUMENTS\MPLABORNEKLER\BOLME.ASM 34 : Found opcode in column 1. (BTFSS)
Warning[203] C:\USERS\ASUS\DOCUMENTS\MPLABORNEKLER\BOLME.ASM 35 : Found opcode in column 1. (GOTO)
Warning[203] C:\USERS\ASUS\DOCUMENTS\MPLABORNEKLER\BOLME.ASM 36 : Found opcode in column 1. (CALL)
Warning[203] C:\USERS\ASUS\DOCUMENTS\MPLABORNEKLER\BOLME.ASM 38 : Found opcode in column 1. (BTFSS)
Warning[203] C:\USERS\ASUS\DOCUMENTS\MPLABORNEKLER\BOLME.ASM 39 : Found opcode in column 1. (GOTO)
Warning[203] C:\USERS\ASUS\DOCUMENTS\MPLABORNEKLER\BOLME.ASM 40 : Found opcode in column 1. (CLRF)
Warning[203] C:\USERS\ASUS\DOCUMENTS\MPLABORNEKLER\BOLME.ASM 41 : Found opcode in column 1. (CALL)
Warning[205] C:\USERS\ASUS\DOCUMENTS\MPLABORNEKLER\BOLME.ASM 42 : Found directive in column 1. (BANKSEL)
Warning[203] C:\USERS\ASUS\DOCUMENTS\MPLABORNEKLER\BOLME.ASM 43 : Found opcode in column 1. (BSF)
Warning[203] C:\USERS\ASUS\DOCUMENTS\MPLABORNEKLER\BOLME.ASM 45 : Found opcode in column 1. (RETFIE)
Warning[207] C:\USERS\ASUS\DOCUMENTS\MPLABORNEKLER\BOLME.ASM 47 : Found label after column 1. (BASLA)
Warning[205] C:\USERS\ASUS\DOCUMENTS\MPLABORNEKLER\BOLME.ASM 48 : Found directive in column 1. (BANKSEL)
Warning[203] C:\USERS\ASUS\DOCUMENTS\MPLABORNEKLER\BOLME.ASM 49 : Found opcode in column 1. (MOVLW)
Warning[203] C:\USERS\ASUS\DOCUMENTS\MPLABORNEKLER\BOLME.ASM 50 : Found opcode in column 1. (MOVWF)
Message[302] C:\USERS\ASUS\DOCUMENTS\MPLABORNEKLER\BOLME.ASM 50 : Register in operand not in bank 0.  Ensure that bank bits are correct.
Warning[203] C:\USERS\ASUS\DOCUMENTS\MPLABORNEKLER\BOLME.ASM 51 : Found opcode in column 1. (CLRF)
Message[302] C:\USERS\ASUS\DOCUMENTS\MPLABORNEKLER\BOLME.ASM 51 : Register in operand not in bank 0.  Ensure that bank bits are correct.
Warning[205] C:\USERS\ASUS\DOCUMENTS\MPLABORNEKLER\BOLME.ASM 52 : Found directive in column 1. (BANKSEL)
Warning[203] C:\USERS\ASUS\DOCUMENTS\MPLABORNEKLER\BOLME.ASM 53 : Found opcode in column 1. (MOVLW)
Warning[203] C:\USERS\ASUS\DOCUMENTS\MPLABORNEKLER\BOLME.ASM 54 : Found opcode in column 1. (MOVWF)
Message[302] C:\USERS\ASUS\DOCUMENTS\MPLABORNEKLER\BOLME.ASM 54 : Register in operand not in bank 0.  Ensure that bank bits are correct.
Warning[205] C:\USERS\ASUS\DOCUMENTS\MPLABORNEKLER\BOLME.ASM 55 : Found directive in column 1. (BANKSEL)
Warning[203] C:\USERS\ASUS\DOCUMENTS\MPLABORNEKLER\BOLME.ASM 56 : Found opcode in column 1. (MOVLW)
Warning[203] C:\USERS\ASUS\DOCUMENTS\MPLABORNEKLER\BOLME.ASM 57 : Found opcode in column 1. (MOVWF)
Warning[205] C:\USERS\ASUS\DOCUMENTS\MPLABORNEKLER\BOLME.ASM 58 : Found directive in column 1. (BANKSEL)
Warning[203] C:\USERS\ASUS\DOCUMENTS\MPLABORNEKLER\BOLME.ASM 59 : Found opcode in column 1. (CLRF)
Warning[203] C:\USERS\ASUS\DOCUMENTS\MPLABORNEKLER\BOLME.ASM 60 : Found opcode in column 1. (CLRF)
Warning[205] C:\USERS\ASUS\DOCUMENTS\MPLABORNEKLER\BOLME.ASM 61 : Found directive in column 1. (BANKSEL)
Warning[203] C:\USERS\ASUS\DOCUMENTS\MPLABORNEKLER\BOLME.ASM 62 : Found opcode in column 1. (MOVLW)
Warning[203] C:\USERS\ASUS\DOCUMENTS\MPLABORNEKLER\BOLME.ASM 63 : Found opcode in column 1. (MOVWF)
Warning[203] C:\USERS\ASUS\DOCUMENTS\MPLABORNEKLER\BOLME.ASM 64 : Found opcode in column 1. (CLRF)
Warning[205] C:\USERS\ASUS\DOCUMENTS\MPLABORNEKLER\BOLME.ASM 65 : Found directive in column 1. (BANKSEL)
Warning[203] C:\USERS\ASUS\DOCUMENTS\MPLABORNEKLER\BOLME.ASM 66 : Found opcode in column 1. (CLRF)
Warning[205] C:\USERS\ASUS\DOCUMENTS\MPLABORNEKLER\BOLME.ASM 67 : Found directive in column 1. (BANKSEL)
Warning[203] C:\USERS\ASUS\DOCUMENTS\MPLABORNEKLER\BOLME.ASM 68 : Found opcode in column 1. (CLRF)
Message[302] C:\USERS\ASUS\DOCUMENTS\MPLABORNEKLER\BOLME.ASM 68 : Register in operand not in bank 0.  Ensure that bank bits are correct.
Warning[205] C:\USERS\ASUS\DOCUMENTS\MPLABORNEKLER\BOLME.ASM 69 : Found directive in column 1. (BANKSEL)
Warning[203] C:\USERS\ASUS\DOCUMENTS\MPLABORNEKLER\BOLME.ASM 70 : Found opcode in column 1. (BCF)
Warning[203] C:\USERS\ASUS\DOCUMENTS\MPLABORNEKLER\BOLME.ASM 71 : Found opcode in column 1. (BSF)
Warning[203] C:\USERS\ASUS\DOCUMENTS\MPLABORNEKLER\BOLME.ASM 72 : Found opcode in column 1. (BSF)
Warning[205] C:\USERS\ASUS\DOCUMENTS\MPLABORNEKLER\BOLME.ASM 73 : Found directive in column 1. (BANKSEL)
Warning[203] C:\USERS\ASUS\DOCUMENTS\MPLABORNEKLER\BOLME.ASM 74 : Found opcode in column 1. (BSF)
Message[302] C:\USERS\ASUS\DOCUMENTS\MPLABORNEKLER\BOLME.ASM 74 : Register in operand not in bank 0.  Ensure that bank bits are correct.
Warning[205] C:\USERS\ASUS\DOCUMENTS\MPLABORNEKLER\BOLME.ASM 75 : Found directive in column 1. (BANKSEL)
Warning[203] C:\USERS\ASUS\DOCUMENTS\MPLABORNEKLER\BOLME.ASM 76 : Found opcode in column 1. (BSF)
Warning[205] C:\USERS\ASUS\DOCUMENTS\MPLABORNEKLER\BOLME.ASM 79 : Found directive in column 1. (BANKSEL)
Warning[203] C:\USERS\ASUS\DOCUMENTS\MPLABORNEKLER\BOLME.ASM 80 : Found opcode in column 1. (BTFSS)
Warning[203] C:\USERS\ASUS\DOCUMENTS\MPLABORNEKLER\BOLME.ASM 81 : Found opcode in column 1. (GOTO)
Warning[203] C:\USERS\ASUS\DOCUMENTS\MPLABORNEKLER\BOLME.ASM 82 : Found opcode in column 1. (CALL)
Warning[203] C:\USERS\ASUS\DOCUMENTS\MPLABORNEKLER\BOLME.ASM 83 : Found opcode in column 1. (CLRF)
Warning[203] C:\USERS\ASUS\DOCUMENTS\MPLABORNEKLER\BOLME.ASM 84 : Found opcode in column 1. (RETFIE)
Warning[207] C:\USERS\ASUS\DOCUMENTS\MPLABORNEKLER\BOLME.ASM 85 : Found label after column 1. (KONTROL1)
Warning[205] C:\USERS\ASUS\DOCUMENTS\MPLABORNEKLER\BOLME.ASM 86 : Found directive in column 1. (BANKSEL)
Warning[203] C:\USERS\ASUS\DOCUMENTS\MPLABORNEKLER\BOLME.ASM 87 : Found opcode in column 1. (BTFSC)
Warning[203] C:\USERS\ASUS\DOCUMENTS\MPLABORNEKLER\BOLME.ASM 88 : Found opcode in column 1. (GOTO)
Warning[203] C:\USERS\ASUS\DOCUMENTS\MPLABORNEKLER\BOLME.ASM 89 : Found opcode in column 1. (GOTO)
Warning[207] C:\USERS\ASUS\DOCUMENTS\MPLABORNEKLER\BOLME.ASM 91 : Found label after column 1. (ISLEM)
Warning[203] C:\USERS\ASUS\DOCUMENTS\MPLABORNEKLER\BOLME.ASM 92 : Found opcode in column 1. (MOVF)
Warning[203] C:\USERS\ASUS\DOCUMENTS\MPLABORNEKLER\BOLME.ASM 93 : Found opcode in column 1. (SUBWF)
Warning[203] C:\USERS\ASUS\DOCUMENTS\MPLABORNEKLER\BOLME.ASM 94 : Found opcode in column 1. (INCF)
Warning[203] C:\USERS\ASUS\DOCUMENTS\MPLABORNEKLER\BOLME.ASM 95 : Found opcode in column 1. (GOTO)
Warning[207] C:\USERS\ASUS\DOCUMENTS\MPLABORNEKLER\BOLME.ASM 97 : Found label after column 1. (YAZ)
Warning[205] C:\USERS\ASUS\DOCUMENTS\MPLABORNEKLER\BOLME.ASM 98 : Found directive in column 1. (BANKSEL)
Warning[203] C:\USERS\ASUS\DOCUMENTS\MPLABORNEKLER\BOLME.ASM 99 : Found opcode in column 1. (bsf)
Warning[203] C:\USERS\ASUS\DOCUMENTS\MPLABORNEKLER\BOLME.ASM 100 : Found opcode in column 1. (DECF)
Warning[203] C:\USERS\ASUS\DOCUMENTS\MPLABORNEKLER\BOLME.ASM 101 : Found opcode in column 1. (MOVF)
Warning[203] C:\USERS\ASUS\DOCUMENTS\MPLABORNEKLER\BOLME.ASM 103 : Found opcode in column 1. (MOVWF)
Warning[203] C:\USERS\ASUS\DOCUMENTS\MPLABORNEKLER\BOLME.ASM 104 : Found opcode in column 1. (CALL)
Warning[205] C:\USERS\ASUS\DOCUMENTS\MPLABORNEKLER\BOLME.ASM 105 : Found directive in column 1. (BANKSEL)
Warning[203] C:\USERS\ASUS\DOCUMENTS\MPLABORNEKLER\BOLME.ASM 106 : Found opcode in column 1. (CLRF)
Warning[203] C:\USERS\ASUS\DOCUMENTS\MPLABORNEKLER\BOLME.ASM 107 : Found opcode in column 1. (RETFIE)
Warning[205] C:\USERS\ASUS\DOCUMENTS\MPLABORNEKLER\BOLME.ASM 109 : Found directive in column 1. (BANKSEL)
Warning[203] C:\USERS\ASUS\DOCUMENTS\MPLABORNEKLER\BOLME.ASM 110 : Found opcode in column 1. (MOVLW)
Warning[203] C:\USERS\ASUS\DOCUMENTS\MPLABORNEKLER\BOLME.ASM 111 : Found opcode in column 1. (MOVWF)
Warning[205] C:\USERS\ASUS\DOCUMENTS\MPLABORNEKLER\BOLME.ASM 112 : Found directive in column 1. (BANKSEL)
Warning[203] C:\USERS\ASUS\DOCUMENTS\MPLABORNEKLER\BOLME.ASM 113 : Found opcode in column 1. (RETURN)
Warning[207] C:\USERS\ASUS\DOCUMENTS\MPLABORNEKLER\BOLME.ASM 114 : Found label after column 1. (TEKRAR)
Warning[205] C:\USERS\ASUS\DOCUMENTS\MPLABORNEKLER\BOLME.ASM 115 : Found directive in column 1. (BANKSEL)
Warning[203] C:\USERS\ASUS\DOCUMENTS\MPLABORNEKLER\BOLME.ASM 116 : Found opcode in column 1. (BSF)
Warning[203] C:\USERS\ASUS\DOCUMENTS\MPLABORNEKLER\BOLME.ASM 117 : Found opcode in column 1. (CALL)
Warning[205] C:\USERS\ASUS\DOCUMENTS\MPLABORNEKLER\BOLME.ASM 118 : Found directive in column 1. (BANKSEL)
Warning[203] C:\USERS\ASUS\DOCUMENTS\MPLABORNEKLER\BOLME.ASM 119 : Found opcode in column 1. (RETURN)
Warning[203] C:\USERS\ASUS\DOCUMENTS\MPLABORNEKLER\BOLME.ASM 122 : Found opcode in column 1. (GOTO)
Warning[203] C:\USERS\ASUS\DOCUMENTS\MPLABORNEKLER\BOLME.ASM 125 : Found opcode in column 1. (MOVLW)
Warning[203] C:\USERS\ASUS\DOCUMENTS\MPLABORNEKLER\BOLME.ASM 126 : Found opcode in column 1. (MOVWF)
Warning[203] C:\USERS\ASUS\DOCUMENTS\MPLABORNEKLER\BOLME.ASM 129 : Found opcode in column 1. (MOVWF)
Warning[203] C:\USERS\ASUS\DOCUMENTS\MPLABORNEKLER\BOLME.ASM 131 : Found opcode in column 1. (DECFSZ)
Warning[203] C:\USERS\ASUS\DOCUMENTS\MPLABORNEKLER\BOLME.ASM 132 : Found opcode in column 1. (GOTO)
Warning[203] C:\USERS\ASUS\DOCUMENTS\MPLABORNEKLER\BOLME.ASM 133 : Found opcode in column 1. (DECFSZ)
Warning[203] C:\USERS\ASUS\DOCUMENTS\MPLABORNEKLER\BOLME.ASM 134 : Found opcode in column 1. (GOTO)
Warning[203] C:\USERS\ASUS\DOCUMENTS\MPLABORNEKLER\BOLME.ASM 135 : Found opcode in column 1. (RETURN)
Warning[205] C:\USERS\ASUS\DOCUMENTS\MPLABORNEKLER\BOLME.ASM 136 : Found directive in column 1. (END)
