MPASM  5.51                         BOLME.ASM   11-19-2018  19:25:15         PAGE  1


LOC  OBJECT CODE     LINE SOURCE TEXT
  VALUE

Warning[205]: Found directive in column 1. (LIST)
                      00001 LIST P = 16F877A
Warning[205]: Found directive in column 1. (INCLUDE)
                      00002 INCLUDE "P16F877A.INC"
                      00001         LIST
                      00002 
                      00003 ;==========================================================================
                      00004 ;  MPASM PIC16F877A processor include
                      00005 ; 
                      00006 ;  (c) Copyright 1999-2013 Microchip Technology, All rights reserved
                      00007 ;==========================================================================
                      00008 
                      00566         LIST
Warning[205]: Found directive in column 1. (__CONFIG)
2007   3F31           00003 __CONFIG H'3F31'
  00000021            00004 DONGU1 EQU h'21'
  00000022            00005 DONGU2 EQU h'22'
  00000023            00006 ADCH EQU h'23'
  00000024            00007 ADCL EQU h'24'
  00000025            00008 SAYAC EQU h'25'
  00000026            00009 KAT EQU h'26'
Warning[205]: Found directive in column 1. (ORG)
0000                  00010 ORG 0X00
Warning[203]: Found opcode in column 1. (GOTO)
0000   2822           00011 GOTO BASLA
Warning[205]: Found directive in column 1. (ORG)
0004                  00012 ORG 0X04
                      00013 
Warning[207]: Found label after column 1. (KESME)
0004                  00014         KESME
Warning[205]: Found directive in column 1. (BANKSEL)
0004   1283 1303      00015 BANKSEL PIR1
Warning[203]: Found opcode in column 1. (BTFSS)
0006   1F0C           00016 BTFSS PIR1,ADIF
Warning[203]: Found opcode in column 1. (RETFIE)
0007   0009           00017 RETFIE
                      00018 
Warning[205]: Found directive in column 1. (BANKSEL)
0008   1283 1303      00019 BANKSEL PIR1
Warning[203]: Found opcode in column 1. (BCF)
000A   130C           00020 BCF PIR1,ADIF
Warning[205]: Found directive in column 1. (BANKSEL)
000B   1283 1303      00021 BANKSEL ADRESH
Warning[203]: Found opcode in column 1. (MOVF)
000D   081E           00022 MOVF ADRESH,0
                      00023 ;MOVLW d'160'
                      00024 ;MOVWF ADRESH
Warning[203]: Found opcode in column 1. (MOVWF)
000E   00A3           00025 MOVWF ADCH
Warning[205]: Found directive in column 1. (BANKSEL)
000F   1683 1303      00026 BANKSEL ADRESL
Warning[203]: Found opcode in column 1. (MOVF)
Message[302]: Register in operand not in bank 0.  Ensure that bank bits are correct.
MPASM  5.51                         BOLME.ASM   11-19-2018  19:25:15         PAGE  2


LOC  OBJECT CODE     LINE SOURCE TEXT
  VALUE

0011   081E           00027 MOVF ADRESL,0
                      00028 ;MOVLW d'20'
                      00029 ;MOVWF ADRESL
Warning[205]: Found directive in column 1. (BANKSEL)
0012   1283 1303      00030 BANKSEL ADCL
Warning[203]: Found opcode in column 1. (MOVWF)
0014   00A4           00031 MOVWF ADCL
                      00032 
Warning[205]: Found directive in column 1. (BANKSEL)
0015   1283 1303      00033 BANKSEL ADRESH
Warning[203]: Found opcode in column 1. (BTFSS)
0017   1C1E           00034 BTFSS ADRESH,0
Warning[203]: Found opcode in column 1. (GOTO)
0018   281A           00035 GOTO GIT
Warning[203]: Found opcode in column 1. (CALL)
0019   2065           00036 CALL ARTTIR
001A                  00037 GIT
Warning[203]: Found opcode in column 1. (BTFSS)
001A   1C9E           00038 BTFSS ADRESH,1
Warning[203]: Found opcode in column 1. (GOTO)
001B   284A           00039 GOTO KONTROL
Warning[203]: Found opcode in column 1. (CLRF)
001C   0186           00040 CLRF PORTB
Warning[203]: Found opcode in column 1. (CALL)
001D   2074           00041 CALL GECIKME
Warning[205]: Found directive in column 1. (BANKSEL)
001E   1283 1303      00042 BANKSEL ADCON0
Warning[203]: Found opcode in column 1. (BSF)
0020   151F           00043 BSF ADCON0,GO
                      00044 
Warning[203]: Found opcode in column 1. (RETFIE)
0021   0009           00045 RETFIE
                      00046 
Warning[207]: Found label after column 1. (BASLA)
0022                  00047         BASLA
Warning[205]: Found directive in column 1. (BANKSEL)
0022   1683 1303      00048 BANKSEL TRISA
Warning[203]: Found opcode in column 1. (MOVLW)
0024   30FF           00049 MOVLW d'255'
Warning[203]: Found opcode in column 1. (MOVWF)
Message[302]: Register in operand not in bank 0.  Ensure that bank bits are correct.
0025   0085           00050 MOVWF TRISA
Warning[203]: Found opcode in column 1. (CLRF)
Message[302]: Register in operand not in bank 0.  Ensure that bank bits are correct.
0026   0186           00051 CLRF TRISB
Warning[205]: Found directive in column 1. (BANKSEL)
0027   1683 1303      00052 BANKSEL ADCON1
Warning[203]: Found opcode in column 1. (MOVLW)
0029   3080           00053 MOVLW b'10000000'
Warning[203]: Found opcode in column 1. (MOVWF)
Message[302]: Register in operand not in bank 0.  Ensure that bank bits are correct.
002A   009F           00054 MOVWF ADCON1
Warning[205]: Found directive in column 1. (BANKSEL)
MPASM  5.51                         BOLME.ASM   11-19-2018  19:25:15         PAGE  3


LOC  OBJECT CODE     LINE SOURCE TEXT
  VALUE

002B   1283 1303      00055 BANKSEL ADCON0
Warning[203]: Found opcode in column 1. (MOVLW)
002D   3081           00056 MOVLW b'10000001'
Warning[203]: Found opcode in column 1. (MOVWF)
002E   009F           00057 MOVWF ADCON0
Warning[205]: Found directive in column 1. (BANKSEL)
002F   1283 1303      00058 BANKSEL PORTB
Warning[203]: Found opcode in column 1. (CLRF)
0031   0185           00059 CLRF PORTA
Warning[203]: Found opcode in column 1. (CLRF)
0032   0186           00060 CLRF PORTB
Warning[205]: Found directive in column 1. (BANKSEL)
0033   1283 1303      00061 BANKSEL KAT
Warning[203]: Found opcode in column 1. (MOVLW)
0035   300A           00062 MOVLW d'10'
Warning[203]: Found opcode in column 1. (MOVWF)
0036   00A6           00063 MOVWF KAT
Warning[203]: Found opcode in column 1. (CLRF)
0037   01A5           00064 CLRF SAYAC
Warning[205]: Found directive in column 1. (BANKSEL)
0038   1283 1303      00065 BANKSEL ADRESH
Warning[203]: Found opcode in column 1. (CLRF)
003A   019E           00066 CLRF ADRESH
Warning[205]: Found directive in column 1. (BANKSEL)
003B   1683 1303      00067 BANKSEL ADRESL
Warning[203]: Found opcode in column 1. (CLRF)
Message[302]: Register in operand not in bank 0.  Ensure that bank bits are correct.
003D   019E           00068 CLRF ADRESL
Warning[205]: Found directive in column 1. (BANKSEL)
003E   1283 1303      00069 BANKSEL PIR1
Warning[203]: Found opcode in column 1. (BCF)
0040   130C           00070 BCF PIR1,ADIF
Warning[203]: Found opcode in column 1. (BSF)
0041   170B           00071 BSF INTCON,PEIE
Warning[203]: Found opcode in column 1. (BSF)
0042   178B           00072 BSF INTCON,GIE
Warning[205]: Found directive in column 1. (BANKSEL)
0043   1683 1303      00073 BANKSEL PIE1
Warning[203]: Found opcode in column 1. (BSF)
Message[302]: Register in operand not in bank 0.  Ensure that bank bits are correct.
0045   170C           00074 BSF PIE1,ADIE
Warning[205]: Found directive in column 1. (BANKSEL)
0046   1283 1303      00075 BANKSEL ADCON0
Warning[203]: Found opcode in column 1. (BSF)
0048   151F           00076 BSF ADCON0,GO
0049   2873           00077         GOTO DONGU
004A                  00078 KONTROL
Warning[205]: Found directive in column 1. (BANKSEL)
004A   1283 1303      00079 BANKSEL ADRESH
Warning[203]: Found opcode in column 1. (BTFSS)
004C   1C9E           00080 BTFSS ADRESH,1
Warning[203]: Found opcode in column 1. (GOTO)
004D   2856           00081 GOTO ISLEM
MPASM  5.51                         BOLME.ASM   11-19-2018  19:25:15         PAGE  4


LOC  OBJECT CODE     LINE SOURCE TEXT
  VALUE

Warning[203]: Found opcode in column 1. (CALL)
004E   206C           00082 CALL TEKRAR
Warning[203]: Found opcode in column 1. (CLRF)
004F   0186           00083 CLRF PORTB
Warning[203]: Found opcode in column 1. (RETFIE)
0050   0009           00084 RETFIE
Warning[207]: Found label after column 1. (KONTROL1)
0051                  00085         KONTROL1
Warning[205]: Found directive in column 1. (BANKSEL)
0051   1283 1303      00086 BANKSEL ADCL
Warning[203]: Found opcode in column 1. (BTFSC)
0053   1803           00087 BTFSC STATUS,0
Warning[203]: Found opcode in column 1. (GOTO)
0054   2856           00088 GOTO ISLEM
Warning[203]: Found opcode in column 1. (GOTO)
0055   285A           00089 GOTO YAZ
                      00090 
Warning[207]: Found label after column 1. (ISLEM)
0056                  00091         ISLEM
Warning[203]: Found opcode in column 1. (MOVF)
0056   0826           00092 MOVF KAT,0
Warning[203]: Found opcode in column 1. (SUBWF)
0057   02A4           00093 SUBWF ADCL,1
Warning[203]: Found opcode in column 1. (INCF)
0058   0AA5           00094 INCF SAYAC,1
Warning[203]: Found opcode in column 1. (GOTO)
0059   2851           00095 GOTO KONTROL1
                      00096 
Warning[207]: Found label after column 1. (YAZ)
005A                  00097         YAZ
Warning[205]: Found directive in column 1. (BANKSEL)
005A   1283 1303      00098 BANKSEL SAYAC
Warning[203]: Found opcode in column 1. (bsf)
005C   1403           00099 bsf STATUS,0
Warning[203]: Found opcode in column 1. (DECF)
005D   03A5           00100 DECF SAYAC,1
Warning[203]: Found opcode in column 1. (MOVF)
005E   0825           00101 MOVF SAYAC,0
                      00102 
Warning[203]: Found opcode in column 1. (MOVWF)
005F   0086           00103 MOVWF PORTB
Warning[203]: Found opcode in column 1. (CALL)
0060   206C           00104 CALL TEKRAR
Warning[205]: Found directive in column 1. (BANKSEL)
0061   1283 1303      00105 BANKSEL SAYAC
Warning[203]: Found opcode in column 1. (CLRF)
0063   01A5           00106 CLRF SAYAC
Warning[203]: Found opcode in column 1. (RETFIE)
0064   0009           00107 RETFIE
0065                  00108 ARTTIR
Warning[205]: Found directive in column 1. (BANKSEL)
0065   1283 1303      00109 BANKSEL SAYAC;
Warning[203]: Found opcode in column 1. (MOVLW)
MPASM  5.51                         BOLME.ASM   11-19-2018  19:25:15         PAGE  5


LOC  OBJECT CODE     LINE SOURCE TEXT
  VALUE

0067   3019           00110 MOVLW d'25'
Warning[203]: Found opcode in column 1. (MOVWF)
0068   00A5           00111 MOVWF SAYAC
Warning[205]: Found directive in column 1. (BANKSEL)
0069   1283 1303      00112 BANKSEL ADRESH
Warning[203]: Found opcode in column 1. (RETURN)
006B   0008           00113 RETURN
Warning[207]: Found label after column 1. (TEKRAR)
006C                  00114  TEKRAR
Warning[205]: Found directive in column 1. (BANKSEL)
006C   1283 1303      00115 BANKSEL ADCON0
Warning[203]: Found opcode in column 1. (BSF)
006E   151F           00116 BSF ADCON0,GO
Warning[203]: Found opcode in column 1. (CALL)
006F   2074           00117 CALL GECIKME
Warning[205]: Found directive in column 1. (BANKSEL)
0070   1283 1303      00118 BANKSEL PORTB
Warning[203]: Found opcode in column 1. (RETURN)
0072   0008           00119 RETURN
                      00120 
0073                  00121 DONGU 
Warning[203]: Found opcode in column 1. (GOTO)
0073   2873           00122 GOTO DONGU
0074                  00123 GECIKME
                      00124 
Warning[203]: Found opcode in column 1. (MOVLW)
0074   30A0           00125 MOVLW h'A0'
Warning[203]: Found opcode in column 1. (MOVWF)
0075   00A1           00126 MOVWF DONGU1
0076                  00127 DONGU11
0076   30A0           00128  MOVLW h'A0'
Warning[203]: Found opcode in column 1. (MOVWF)
0077   00A2           00129 MOVWF DONGU2
0078                  00130 DONGU22
Warning[203]: Found opcode in column 1. (DECFSZ)
0078   0BA2           00131 DECFSZ DONGU2,F
Warning[203]: Found opcode in column 1. (GOTO)
0079   2878           00132 GOTO DONGU22
Warning[203]: Found opcode in column 1. (DECFSZ)
007A   0BA1           00133 DECFSZ DONGU1,F
Warning[203]: Found opcode in column 1. (GOTO)
007B   2876           00134 GOTO DONGU11
Warning[203]: Found opcode in column 1. (RETURN)
007C   0008           00135 RETURN
Warning[205]: Found directive in column 1. (END)
                      00136 END
MPASM  5.51                         BOLME.ASM   11-19-2018  19:25:15         PAGE  6


SYMBOL TABLE
  LABEL                             VALUE 

ACKDT                             00000005
ACKEN                             00000004
ACKSTAT                           00000006
ADCH                              00000023
ADCL                              00000024
ADCON0                            0000001F
ADCON1                            0000009F
ADCS0                             00000006
ADCS1                             00000007
ADCS2                             00000006
ADDEN                             00000003
ADFM                              00000007
ADIE                              00000006
ADIF                              00000006
ADON                              00000000
ADRESH                            0000001E
ADRESL                            0000009E
ARTTIR                            00000065
BASLA                             00000022
BCLIE                             00000003
BCLIF                             00000003
BF                                00000000
BRGH                              00000002
C                                 00000000
C1INV                             00000004
C1OUT                             00000006
C2INV                             00000005
C2OUT                             00000007
CCP1CON                           00000017
CCP1IE                            00000002
CCP1IF                            00000002
CCP1M0                            00000000
CCP1M1                            00000001
CCP1M2                            00000002
CCP1M3                            00000003
CCP1X                             00000005
CCP1Y                             00000004
CCP2CON                           0000001D
CCP2IE                            00000000
CCP2IF                            00000000
CCP2M0                            00000000
CCP2M1                            00000001
CCP2M2                            00000002
CCP2M3                            00000003
CCP2X                             00000005
CCP2Y                             00000004
CCPR1                             00000015
CCPR1H                            00000016
CCPR1L                            00000015
CCPR2                             0000001B
CCPR2H                            0000001C
CCPR2L                            0000001B
CHS0                              00000003
MPASM  5.51                         BOLME.ASM   11-19-2018  19:25:15         PAGE  7


SYMBOL TABLE
  LABEL                             VALUE 

CHS1                              00000004
CHS2                              00000005
CIS                               00000003
CKE                               00000006
CKP                               00000004
CM0                               00000000
CM1                               00000001
CM2                               00000002
CMCON                             0000009C
CMIE                              00000006
CMIF                              00000006
CREN                              00000004
CSRC                              00000007
CVR0                              00000000
CVR1                              00000001
CVR2                              00000002
CVR3                              00000003
CVRCON                            0000009D
CVREN                             00000007
CVROE                             00000006
CVRR                              00000005
D                                 00000005
DATA_ADDRESS                      00000005
DC                                00000001
DONGU                             00000073
DONGU1                            00000021
DONGU11                           00000076
DONGU2                            00000022
DONGU22                           00000078
D_A                               00000005
D_NOT_A                           00000005
EEADR                             0000010D
EEADRH                            0000010F
EECON1                            0000018C
EECON2                            0000018D
EEDATA                            0000010C
EEDATH                            0000010E
EEIE                              00000004
EEIF                              00000004
EEPGD                             00000007
F                                 00000001
FERR                              00000002
FSR                               00000004
GCEN                              00000007
GECIKME                           00000074
GIE                               00000007
GIT                               0000001A
GO                                00000002
GO_DONE                           00000002
GO_NOT_DONE                       00000002
I2C_DATA                          00000005
I2C_READ                          00000002
I2C_START                         00000003
MPASM  5.51                         BOLME.ASM   11-19-2018  19:25:15         PAGE  8


SYMBOL TABLE
  LABEL                             VALUE 

I2C_STOP                          00000004
IBF                               00000007
IBOV                              00000005
INDF                              00000000
INTCON                            0000000B
INTE                              00000004
INTEDG                            00000006
INTF                              00000001
IRP                               00000007
ISLEM                             00000056
KAT                               00000026
KESME                             00000004
KONTROL                           0000004A
KONTROL1                          00000051
NOT_A                             00000005
NOT_ADDRESS                       00000005
NOT_BO                            00000000
NOT_BOR                           00000000
NOT_DONE                          00000002
NOT_PD                            00000003
NOT_POR                           00000001
NOT_RBPU                          00000007
NOT_RC8                           00000006
NOT_T1SYNC                        00000002
NOT_TO                            00000004
NOT_TX8                           00000006
NOT_W                             00000002
NOT_WRITE                         00000002
OBF                               00000006
OERR                              00000001
OPTION_REG                        00000081
P                                 00000004
PCFG0                             00000000
PCFG1                             00000001
PCFG2                             00000002
PCFG3                             00000003
PCL                               00000002
PCLATH                            0000000A
PCON                              0000008E
PEIE                              00000006
PEN                               00000002
PIE1                              0000008C
PIE2                              0000008D
PIR1                              0000000C
PIR2                              0000000D
PORTA                             00000005
PORTB                             00000006
PORTC                             00000007
PORTD                             00000008
PORTE                             00000009
PR2                               00000092
PS0                               00000000
PS1                               00000001
MPASM  5.51                         BOLME.ASM   11-19-2018  19:25:15         PAGE  9


SYMBOL TABLE
  LABEL                             VALUE 

PS2                               00000002
PSA                               00000003
PSPIE                             00000007
PSPIF                             00000007
PSPMODE                           00000004
R                                 00000002
RA0                               00000000
RA1                               00000001
RA2                               00000002
RA3                               00000003
RA4                               00000004
RA5                               00000005
RB0                               00000000
RB1                               00000001
RB2                               00000002
RB3                               00000003
RB4                               00000004
RB5                               00000005
RB6                               00000006
RB7                               00000007
RBIE                              00000003
RBIF                              00000000
RC0                               00000000
RC1                               00000001
RC2                               00000002
RC3                               00000003
RC4                               00000004
RC5                               00000005
RC6                               00000006
RC7                               00000007
RC8_9                             00000006
RC9                               00000006
RCD8                              00000000
RCEN                              00000003
RCIE                              00000005
RCIF                              00000005
RCREG                             0000001A
RCSTA                             00000018
RD                                00000000
RD0                               00000000
RD1                               00000001
RD2                               00000002
RD3                               00000003
RD4                               00000004
RD5                               00000005
RD6                               00000006
RD7                               00000007
RE0                               00000000
RE1                               00000001
RE2                               00000002
READ_WRITE                        00000002
RP0                               00000005
RP1                               00000006
MPASM  5.51                         BOLME.ASM   11-19-2018  19:25:15         PAGE 10


SYMBOL TABLE
  LABEL                             VALUE 

RSEN                              00000001
RX9                               00000006
RX9D                              00000000
R_NOT_W                           00000002
R_W                               00000002
S                                 00000003
SAYAC                             00000025
SEN                               00000000
SMP                               00000007
SPBRG                             00000099
SPEN                              00000007
SREN                              00000005
SSPADD                            00000093
SSPBUF                            00000013
SSPCON                            00000014
SSPCON2                           00000091
SSPEN                             00000005
SSPIE                             00000003
SSPIF                             00000003
SSPM0                             00000000
SSPM1                             00000001
SSPM2                             00000002
SSPM3                             00000003
SSPOV                             00000006
SSPSTAT                           00000094
STATUS                            00000003
SYNC                              00000004
T0CS                              00000005
T0IE                              00000005
T0IF                              00000002
T0SE                              00000004
T1CKPS0                           00000004
T1CKPS1                           00000005
T1CON                             00000010
T1INSYNC                          00000002
T1OSCEN                           00000003
T1SYNC                            00000002
T2CKPS0                           00000000
T2CKPS1                           00000001
T2CON                             00000012
TEKRAR                            0000006C
TMR0                              00000001
TMR0IE                            00000005
TMR0IF                            00000002
TMR1                              0000000E
TMR1CS                            00000001
TMR1H                             0000000F
TMR1IE                            00000000
TMR1IF                            00000000
TMR1L                             0000000E
TMR1ON                            00000000
TMR2                              00000011
TMR2IE                            00000001
MPASM  5.51                         BOLME.ASM   11-19-2018  19:25:15         PAGE 11


SYMBOL TABLE
  LABEL                             VALUE 

TMR2IF                            00000001
TMR2ON                            00000002
TOUTPS0                           00000003
TOUTPS1                           00000004
TOUTPS2                           00000005
TOUTPS3                           00000006
TRISA                             00000085
TRISA0                            00000000
TRISA1                            00000001
TRISA2                            00000002
TRISA3                            00000003
TRISA4                            00000004
TRISA5                            00000005
TRISB                             00000086
TRISB0                            00000000
TRISB1                            00000001
TRISB2                            00000002
TRISB3                            00000003
TRISB4                            00000004
TRISB5                            00000005
TRISB6                            00000006
TRISB7                            00000007
TRISC                             00000087
TRISC0                            00000000
TRISC1                            00000001
TRISC2                            00000002
TRISC3                            00000003
TRISC4                            00000004
TRISC5                            00000005
TRISC6                            00000006
TRISC7                            00000007
TRISD                             00000088
TRISD0                            00000000
TRISD1                            00000001
TRISD2                            00000002
TRISD3                            00000003
TRISD4                            00000004
TRISD5                            00000005
TRISD6                            00000006
TRISD7                            00000007
TRISE                             00000089
TRISE0                            00000000
TRISE1                            00000001
TRISE2                            00000002
TRMT                              00000001
TX8_9                             00000006
TX9                               00000006
TX9D                              00000000
TXD8                              00000000
TXEN                              00000005
TXIE                              00000004
TXIF                              00000004
TXREG                             00000019
MPASM  5.51                         BOLME.ASM   11-19-2018  19:25:15         PAGE 12


SYMBOL TABLE
  LABEL                             VALUE 

TXSTA                             00000098
UA                                00000001
W                                 00000000
WCOL                              00000007
WR                                00000001
WREN                              00000002
WRERR                             00000003
YAZ                               0000005A
Z                                 00000002
_BODEN_OFF                        00003FBF
_BODEN_ON                         00003FFF
_BOREN_OFF                        00003FBF
_BOREN_ON                         00003FFF
_CONFIG                           00002007
_CPD_OFF                          00003FFF
_CPD_ON                           00003EFF
_CP_ALL                           00001FFF
_CP_OFF                           00003FFF
_CP_ON                            00001FFF
_DEBUG_OFF                        00003FFF
_DEBUG_ON                         000037FF
_DEVID1                           00002006
_FOSC_EXTRC                       00003FFF
_FOSC_HS                          00003FFE
_FOSC_LP                          00003FFC
_FOSC_XT                          00003FFD
_HS_OSC                           00003FFE
_IDLOC0                           00002000
_IDLOC1                           00002001
_IDLOC2                           00002002
_IDLOC3                           00002003
_LP_OSC                           00003FFC
_LVP_OFF                          00003F7F
_LVP_ON                           00003FFF
_PWRTE_OFF                        00003FFF
_PWRTE_ON                         00003FF7
_RC_OSC                           00003FFF
_WDTE_OFF                         00003FFB
_WDTE_ON                          00003FFF
_WDT_OFF                          00003FFB
_WDT_ON                           00003FFF
_WRT_1FOURTH                      00003BFF
_WRT_256                          00003DFF
_WRT_HALF                         000039FF
_WRT_OFF                          00003FFF
_XT_OSC                           00003FFD
__16F877A                         00000001
__DEBUG                           1
MPASM  5.51                         BOLME.ASM   11-19-2018  19:25:15         PAGE 13


MEMORY USAGE MAP ('X' = Used,  '-' = Unused)


0000 : X---XXXXXXXXXXXX XXXXXXXXXXXXXXXX XXXXXXXXXXXXXXXX XXXXXXXXXXXXXXXX
0040 : XXXXXXXXXXXXXXXX XXXXXXXXXXXXXXXX XXXXXXXXXXXXXXXX XXXXXXXXXXXXX---
2000 : -------X-------- ---------------- ---------------- ----------------

All other memory blocks unused.

Program Memory Words Used:   122
Program Memory Words Free:  8070


Errors   :     0
Warnings :   107 reported,     0 suppressed
Messages :     6 reported,     0 suppressed

