Warning[205] C:\USERS\ASUS\DOCUMENTS\MPLABORNEKLER\BOZUK.ASM 1 : Found directive in column 1. (LIST)
Warning[205] C:\USERS\ASUS\DOCUMENTS\MPLABORNEKLER\BOZUK.ASM 2 : Found directive in column 1. (INCLUDE)
Warning[205] C:\USERS\ASUS\DOCUMENTS\MPLABORNEKLER\BOZUK.ASM 3 : Found directive in column 1. (__CONFIG)
Warning[205] C:\USERS\ASUS\DOCUMENTS\MPLABORNEKLER\BOZUK.ASM 11 : Found directive in column 1. (ORG)
Warning[203] C:\USERS\ASUS\DOCUMENTS\MPLABORNEKLER\BOZUK.ASM 12 : Found opcode in column 1. (GOTO)
Warning[205] C:\USERS\ASUS\DOCUMENTS\MPLABORNEKLER\BOZUK.ASM 13 : Found directive in column 1. (ORG)
Warning[207] C:\USERS\ASUS\DOCUMENTS\MPLABORNEKLER\BOZUK.ASM 15 : Found label after column 1. (KESME)
Warning[205] C:\USERS\ASUS\DOCUMENTS\MPLABORNEKLER\BOZUK.ASM 16 : Found directive in column 1. (BANKSEL)
Warning[203] C:\USERS\ASUS\DOCUMENTS\MPLABORNEKLER\BOZUK.ASM 17 : Found opcode in column 1. (BTFSS)
Warning[203] C:\USERS\ASUS\DOCUMENTS\MPLABORNEKLER\BOZUK.ASM 18 : Found opcode in column 1. (RETFIE)
Warning[205] C:\USERS\ASUS\DOCUMENTS\MPLABORNEKLER\BOZUK.ASM 20 : Found directive in column 1. (BANKSEL)
Warning[203] C:\USERS\ASUS\DOCUMENTS\MPLABORNEKLER\BOZUK.ASM 21 : Found opcode in column 1. (BCF)
Warning[205] C:\USERS\ASUS\DOCUMENTS\MPLABORNEKLER\BOZUK.ASM 22 : Found directive in column 1. (BANKSEL)
Warning[203] C:\USERS\ASUS\DOCUMENTS\MPLABORNEKLER\BOZUK.ASM 23 : Found opcode in column 1. (MOVF)
Warning[203] C:\USERS\ASUS\DOCUMENTS\MPLABORNEKLER\BOZUK.ASM 26 : Found opcode in column 1. (MOVWF)
Warning[205] C:\USERS\ASUS\DOCUMENTS\MPLABORNEKLER\BOZUK.ASM 27 : Found directive in column 1. (BANKSEL)
Warning[203] C:\USERS\ASUS\DOCUMENTS\MPLABORNEKLER\BOZUK.ASM 29 : Found opcode in column 1. (MOVF)
Message[302] C:\USERS\ASUS\DOCUMENTS\MPLABORNEKLER\BOZUK.ASM 29 : Register in operand not in bank 0.  Ensure that bank bits are correct.
Warning[205] C:\USERS\ASUS\DOCUMENTS\MPLABORNEKLER\BOZUK.ASM 32 : Found directive in column 1. (BANKSEL)
Warning[203] C:\USERS\ASUS\DOCUMENTS\MPLABORNEKLER\BOZUK.ASM 34 : Found opcode in column 1. (MOVWF)
Warning[205] C:\USERS\ASUS\DOCUMENTS\MPLABORNEKLER\BOZUK.ASM 36 : Found directive in column 1. (BANKSEL)
Warning[203] C:\USERS\ASUS\DOCUMENTS\MPLABORNEKLER\BOZUK.ASM 37 : Found opcode in column 1. (BTFSS)
Warning[203] C:\USERS\ASUS\DOCUMENTS\MPLABORNEKLER\BOZUK.ASM 38 : Found opcode in column 1. (GOTO)
Warning[203] C:\USERS\ASUS\DOCUMENTS\MPLABORNEKLER\BOZUK.ASM 39 : Found opcode in column 1. (CALL)
Warning[203] C:\USERS\ASUS\DOCUMENTS\MPLABORNEKLER\BOZUK.ASM 41 : Found opcode in column 1. (BTFSS)
Warning[203] C:\USERS\ASUS\DOCUMENTS\MPLABORNEKLER\BOZUK.ASM 42 : Found opcode in column 1. (GOTO)
Warning[203] C:\USERS\ASUS\DOCUMENTS\MPLABORNEKLER\BOZUK.ASM 43 : Found opcode in column 1. (CLRF)
Warning[203] C:\USERS\ASUS\DOCUMENTS\MPLABORNEKLER\BOZUK.ASM 44 : Found opcode in column 1. (CALL)
Warning[205] C:\USERS\ASUS\DOCUMENTS\MPLABORNEKLER\BOZUK.ASM 45 : Found directive in column 1. (BANKSEL)
Warning[203] C:\USERS\ASUS\DOCUMENTS\MPLABORNEKLER\BOZUK.ASM 46 : Found opcode in column 1. (BSF)
Warning[203] C:\USERS\ASUS\DOCUMENTS\MPLABORNEKLER\BOZUK.ASM 48 : Found opcode in column 1. (RETFIE)
Warning[207] C:\USERS\ASUS\DOCUMENTS\MPLABORNEKLER\BOZUK.ASM 50 : Found label after column 1. (BASLA)
Warning[205] C:\USERS\ASUS\DOCUMENTS\MPLABORNEKLER\BOZUK.ASM 51 : Found directive in column 1. (BANKSEL)
Warning[203] C:\USERS\ASUS\DOCUMENTS\MPLABORNEKLER\BOZUK.ASM 52 : Found opcode in column 1. (MOVLW)
Warning[203] C:\USERS\ASUS\DOCUMENTS\MPLABORNEKLER\BOZUK.ASM 53 : Found opcode in column 1. (MOVWF)
Message[302] C:\USERS\ASUS\DOCUMENTS\MPLABORNEKLER\BOZUK.ASM 53 : Register in operand not in bank 0.  Ensure that bank bits are correct.
Warning[203] C:\USERS\ASUS\DOCUMENTS\MPLABORNEKLER\BOZUK.ASM 54 : Found opcode in column 1. (CLRF)
Message[302] C:\USERS\ASUS\DOCUMENTS\MPLABORNEKLER\BOZUK.ASM 54 : Register in operand not in bank 0.  Ensure that bank bits are correct.
Warning[205] C:\USERS\ASUS\DOCUMENTS\MPLABORNEKLER\BOZUK.ASM 55 : Found directive in column 1. (BANKSEL)
Warning[203] C:\USERS\ASUS\DOCUMENTS\MPLABORNEKLER\BOZUK.ASM 56 : Found opcode in column 1. (MOVLW)
Warning[203] C:\USERS\ASUS\DOCUMENTS\MPLABORNEKLER\BOZUK.ASM 57 : Found opcode in column 1. (MOVWF)
Message[302] C:\USERS\ASUS\DOCUMENTS\MPLABORNEKLER\BOZUK.ASM 57 : Register in operand not in bank 0.  Ensure that bank bits are correct.
Warning[205] C:\USERS\ASUS\DOCUMENTS\MPLABORNEKLER\BOZUK.ASM 58 : Found directive in column 1. (BANKSEL)
Warning[203] C:\USERS\ASUS\DOCUMENTS\MPLABORNEKLER\BOZUK.ASM 59 : Found opcode in column 1. (MOVLW)
Warning[203] C:\USERS\ASUS\DOCUMENTS\MPLABORNEKLER\BOZUK.ASM 60 : Found opcode in column 1. (MOVWF)
Warning[205] C:\USERS\ASUS\DOCUMENTS\MPLABORNEKLER\BOZUK.ASM 61 : Found directive in column 1. (BANKSEL)
Warning[203] C:\USERS\ASUS\DOCUMENTS\MPLABORNEKLER\BOZUK.ASM 62 : Found opcode in column 1. (CLRF)
Warning[203] C:\USERS\ASUS\DOCUMENTS\MPLABORNEKLER\BOZUK.ASM 63 : Found opcode in column 1. (CLRF)
Warning[205] C:\USERS\ASUS\DOCUMENTS\MPLABORNEKLER\BOZUK.ASM 64 : Found directive in column 1. (BANKSEL)
Warning[203] C:\USERS\ASUS\DOCUMENTS\MPLABORNEKLER\BOZUK.ASM 65 : Found opcode in column 1. (MOVLW)
Warning[203] C:\USERS\ASUS\DOCUMENTS\MPLABORNEKLER\BOZUK.ASM 66 : Found opcode in column 1. (MOVWF)
Warning[203] C:\USERS\ASUS\DOCUMENTS\MPLABORNEKLER\BOZUK.ASM 67 : Found opcode in column 1. (CLRF)
Warning[203] C:\USERS\ASUS\DOCUMENTS\MPLABORNEKLER\BOZUK.ASM 68 : Found opcode in column 1. (CLRF)
Warning[203] C:\USERS\ASUS\DOCUMENTS\MPLABORNEKLER\BOZUK.ASM 69 : Found opcode in column 1. (BSF)
Warning[205] C:\USERS\ASUS\DOCUMENTS\MPLABORNEKLER\BOZUK.ASM 70 : Found directive in column 1. (BANKSEL)
Warning[203] C:\USERS\ASUS\DOCUMENTS\MPLABORNEKLER\BOZUK.ASM 71 : Found opcode in column 1. (CLRF)
Warning[205] C:\USERS\ASUS\DOCUMENTS\MPLABORNEKLER\BOZUK.ASM 72 : Found directive in column 1. (BANKSEL)
Warning[203] C:\USERS\ASUS\DOCUMENTS\MPLABORNEKLER\BOZUK.ASM 73 : Found opcode in column 1. (CLRF)
Message[302] C:\USERS\ASUS\DOCUMENTS\MPLABORNEKLER\BOZUK.ASM 73 : Register in operand not in bank 0.  Ensure that bank bits are correct.
Warning[205] C:\USERS\ASUS\DOCUMENTS\MPLABORNEKLER\BOZUK.ASM 74 : Found directive in column 1. (BANKSEL)
Warning[203] C:\USERS\ASUS\DOCUMENTS\MPLABORNEKLER\BOZUK.ASM 75 : Found opcode in column 1. (BCF)
Warning[203] C:\USERS\ASUS\DOCUMENTS\MPLABORNEKLER\BOZUK.ASM 76 : Found opcode in column 1. (BSF)
Warning[203] C:\USERS\ASUS\DOCUMENTS\MPLABORNEKLER\BOZUK.ASM 77 : Found opcode in column 1. (BSF)
Warning[205] C:\USERS\ASUS\DOCUMENTS\MPLABORNEKLER\BOZUK.ASM 78 : Found directive in column 1. (BANKSEL)
Warning[203] C:\USERS\ASUS\DOCUMENTS\MPLABORNEKLER\BOZUK.ASM 79 : Found opcode in column 1. (BSF)
Message[302] C:\USERS\ASUS\DOCUMENTS\MPLABORNEKLER\BOZUK.ASM 79 : Register in operand not in bank 0.  Ensure that bank bits are correct.
Warning[205] C:\USERS\ASUS\DOCUMENTS\MPLABORNEKLER\BOZUK.ASM 80 : Found directive in column 1. (BANKSEL)
Warning[203] C:\USERS\ASUS\DOCUMENTS\MPLABORNEKLER\BOZUK.ASM 81 : Found opcode in column 1. (BSF)
Warning[205] C:\USERS\ASUS\DOCUMENTS\MPLABORNEKLER\BOZUK.ASM 84 : Found directive in column 1. (BANKSEL)
Warning[203] C:\USERS\ASUS\DOCUMENTS\MPLABORNEKLER\BOZUK.ASM 85 : Found opcode in column 1. (BTFSS)
Warning[203] C:\USERS\ASUS\DOCUMENTS\MPLABORNEKLER\BOZUK.ASM 86 : Found opcode in column 1. (GOTO)
Warning[203] C:\USERS\ASUS\DOCUMENTS\MPLABORNEKLER\BOZUK.ASM 87 : Found opcode in column 1. (CALL)
Warning[203] C:\USERS\ASUS\DOCUMENTS\MPLABORNEKLER\BOZUK.ASM 88 : Found opcode in column 1. (CLRF)
Warning[203] C:\USERS\ASUS\DOCUMENTS\MPLABORNEKLER\BOZUK.ASM 89 : Found opcode in column 1. (RETFIE)
Warning[207] C:\USERS\ASUS\DOCUMENTS\MPLABORNEKLER\BOZUK.ASM 91 : Found label after column 1. (KONTROL1)
Warning[205] C:\USERS\ASUS\DOCUMENTS\MPLABORNEKLER\BOZUK.ASM 92 : Found directive in column 1. (BANKSEL)
Warning[203] C:\USERS\ASUS\DOCUMENTS\MPLABORNEKLER\BOZUK.ASM 93 : Found opcode in column 1. (BTFSC)
Warning[203] C:\USERS\ASUS\DOCUMENTS\MPLABORNEKLER\BOZUK.ASM 94 : Found opcode in column 1. (GOTO)
Warning[203] C:\USERS\ASUS\DOCUMENTS\MPLABORNEKLER\BOZUK.ASM 95 : Found opcode in column 1. (GOTO)
Warning[207] C:\USERS\ASUS\DOCUMENTS\MPLABORNEKLER\BOZUK.ASM 97 : Found label after column 1. (ISLEM)
Warning[203] C:\USERS\ASUS\DOCUMENTS\MPLABORNEKLER\BOZUK.ASM 98 : Found opcode in column 1. (MOVF)
Warning[203] C:\USERS\ASUS\DOCUMENTS\MPLABORNEKLER\BOZUK.ASM 99 : Found opcode in column 1. (SUBWF)
Warning[203] C:\USERS\ASUS\DOCUMENTS\MPLABORNEKLER\BOZUK.ASM 100 : Found opcode in column 1. (BTFSC)
Warning[203] C:\USERS\ASUS\DOCUMENTS\MPLABORNEKLER\BOZUK.ASM 101 : Found opcode in column 1. (GOTO)
Warning[203] C:\USERS\ASUS\DOCUMENTS\MPLABORNEKLER\BOZUK.ASM 102 : Found opcode in column 1. (GOTO)
Warning[203] C:\USERS\ASUS\DOCUMENTS\MPLABORNEKLER\BOZUK.ASM 105 : Found opcode in column 1. (movlw)
Warning[203] C:\USERS\ASUS\DOCUMENTS\MPLABORNEKLER\BOZUK.ASM 106 : Found opcode in column 1. (ADDWF)
Warning[203] C:\USERS\ASUS\DOCUMENTS\MPLABORNEKLER\BOZUK.ASM 108 : Found opcode in column 1. (BSF)
Warning[203] C:\USERS\ASUS\DOCUMENTS\MPLABORNEKLER\BOZUK.ASM 109 : Found opcode in column 1. (GOTO)
Warning[207] C:\USERS\ASUS\DOCUMENTS\MPLABORNEKLER\BOZUK.ASM 111 : Found label after column 1. (YAZ)
Warning[205] C:\USERS\ASUS\DOCUMENTS\MPLABORNEKLER\BOZUK.ASM 112 : Found directive in column 1. (BANKSEL)
Warning[203] C:\USERS\ASUS\DOCUMENTS\MPLABORNEKLER\BOZUK.ASM 113 : Found opcode in column 1. (bsf)
Warning[203] C:\USERS\ASUS\DOCUMENTS\MPLABORNEKLER\BOZUK.ASM 116 : Found opcode in column 1. (MOVF)
Warning[203] C:\USERS\ASUS\DOCUMENTS\MPLABORNEKLER\BOZUK.ASM 117 : Found opcode in column 1. (MOVWF)
Warning[203] C:\USERS\ASUS\DOCUMENTS\MPLABORNEKLER\BOZUK.ASM 118 : Found opcode in column 1. (CALL)
Warning[203] C:\USERS\ASUS\DOCUMENTS\MPLABORNEKLER\BOZUK.ASM 119 : Found opcode in column 1. (CALL)
Warning[203] C:\USERS\ASUS\DOCUMENTS\MPLABORNEKLER\BOZUK.ASM 120 : Found opcode in column 1. (CALL)
Warning[203] C:\USERS\ASUS\DOCUMENTS\MPLABORNEKLER\BOZUK.ASM 121 : Found opcode in column 1. (MOVF)
Warning[203] C:\USERS\ASUS\DOCUMENTS\MPLABORNEKLER\BOZUK.ASM 122 : Found opcode in column 1. (MOVWF)
Warning[203] C:\USERS\ASUS\DOCUMENTS\MPLABORNEKLER\BOZUK.ASM 123 : Found opcode in column 1. (CALL)
Warning[203] C:\USERS\ASUS\DOCUMENTS\MPLABORNEKLER\BOZUK.ASM 124 : Found opcode in column 1. (CALL)
Warning[205] C:\USERS\ASUS\DOCUMENTS\MPLABORNEKLER\BOZUK.ASM 125 : Found directive in column 1. (BANKSEL)
Warning[203] C:\USERS\ASUS\DOCUMENTS\MPLABORNEKLER\BOZUK.ASM 126 : Found opcode in column 1. (CLRF)
Warning[203] C:\USERS\ASUS\DOCUMENTS\MPLABORNEKLER\BOZUK.ASM 127 : Found opcode in column 1. (CLRF)
Warning[203] C:\USERS\ASUS\DOCUMENTS\MPLABORNEKLER\BOZUK.ASM 128 : Found opcode in column 1. (RETFIE)
Warning[205] C:\USERS\ASUS\DOCUMENTS\MPLABORNEKLER\BOZUK.ASM 130 : Found directive in column 1. (BANKSEL)
Warning[203] C:\USERS\ASUS\DOCUMENTS\MPLABORNEKLER\BOZUK.ASM 131 : Found opcode in column 1. (INCF)
Warning[203] C:\USERS\ASUS\DOCUMENTS\MPLABORNEKLER\BOZUK.ASM 132 : Found opcode in column 1. (movlw)
Warning[203] C:\USERS\ASUS\DOCUMENTS\MPLABORNEKLER\BOZUK.ASM 133 : Found opcode in column 1. (subwf)
Warning[205] C:\USERS\ASUS\DOCUMENTS\MPLABORNEKLER\BOZUK.ASM 134 : Found directive in column 1. (BANKSEL)
Warning[203] C:\USERS\ASUS\DOCUMENTS\MPLABORNEKLER\BOZUK.ASM 135 : Found opcode in column 1. (RETURN)
Warning[207] C:\USERS\ASUS\DOCUMENTS\MPLABORNEKLER\BOZUK.ASM 136 : Found label after column 1. (TEKRAR)
Warning[205] C:\USERS\ASUS\DOCUMENTS\MPLABORNEKLER\BOZUK.ASM 137 : Found directive in column 1. (BANKSEL)
Warning[203] C:\USERS\ASUS\DOCUMENTS\MPLABORNEKLER\BOZUK.ASM 138 : Found opcode in column 1. (BSF)
Warning[203] C:\USERS\ASUS\DOCUMENTS\MPLABORNEKLER\BOZUK.ASM 139 : Found opcode in column 1. (CALL)
Warning[205] C:\USERS\ASUS\DOCUMENTS\MPLABORNEKLER\BOZUK.ASM 140 : Found directive in column 1. (BANKSEL)
Warning[203] C:\USERS\ASUS\DOCUMENTS\MPLABORNEKLER\BOZUK.ASM 141 : Found opcode in column 1. (RETURN)
Warning[203] C:\USERS\ASUS\DOCUMENTS\MPLABORNEKLER\BOZUK.ASM 144 : Found opcode in column 1. (GOTO)
Warning[203] C:\USERS\ASUS\DOCUMENTS\MPLABORNEKLER\BOZUK.ASM 147 : Found opcode in column 1. (MOVLW)
Warning[203] C:\USERS\ASUS\DOCUMENTS\MPLABORNEKLER\BOZUK.ASM 148 : Found opcode in column 1. (MOVWF)
Warning[203] C:\USERS\ASUS\DOCUMENTS\MPLABORNEKLER\BOZUK.ASM 151 : Found opcode in column 1. (MOVWF)
Warning[203] C:\USERS\ASUS\DOCUMENTS\MPLABORNEKLER\BOZUK.ASM 153 : Found opcode in column 1. (DECFSZ)
Warning[203] C:\USERS\ASUS\DOCUMENTS\MPLABORNEKLER\BOZUK.ASM 154 : Found opcode in column 1. (GOTO)
Warning[203] C:\USERS\ASUS\DOCUMENTS\MPLABORNEKLER\BOZUK.ASM 155 : Found opcode in column 1. (DECFSZ)
Warning[203] C:\USERS\ASUS\DOCUMENTS\MPLABORNEKLER\BOZUK.ASM 156 : Found opcode in column 1. (GOTO)
Warning[203] C:\USERS\ASUS\DOCUMENTS\MPLABORNEKLER\BOZUK.ASM 157 : Found opcode in column 1. (RETURN)
Warning[205] C:\USERS\ASUS\DOCUMENTS\MPLABORNEKLER\BOZUK.ASM 158 : Found directive in column 1. (END)
