Warning[205] C:\USERS\ASUS\DOCUMENTS\MPLABORNEKLER\BUTONABASINCATERSLE.ASM 1 : Found directive in column 1. (LIST)
Warning[205] C:\USERS\ASUS\DOCUMENTS\MPLABORNEKLER\BUTONABASINCATERSLE.ASM 2 : Found directive in column 1. (INCLUDE)
Warning[205] C:\USERS\ASUS\DOCUMENTS\MPLABORNEKLER\BUTONABASINCATERSLE.ASM 3 : Found directive in column 1. (__config)
Warning[205] C:\USERS\ASUS\DOCUMENTS\MPLABORNEKLER\BUTONABASINCATERSLE.ASM 5 : Found directive in column 1. (ORG)
Warning[203] C:\USERS\ASUS\DOCUMENTS\MPLABORNEKLER\BUTONABASINCATERSLE.ASM 6 : Found opcode in column 1. (CLRF)
Warning[203] C:\USERS\ASUS\DOCUMENTS\MPLABORNEKLER\BUTONABASINCATERSLE.ASM 7 : Found opcode in column 1. (CLRF)
Warning[205] C:\USERS\ASUS\DOCUMENTS\MPLABORNEKLER\BUTONABASINCATERSLE.ASM 8 : Found directive in column 1. (BANKSEL)
Warning[203] C:\USERS\ASUS\DOCUMENTS\MPLABORNEKLER\BUTONABASINCATERSLE.ASM 9 : Found opcode in column 1. (CLRF)
Message[302] C:\USERS\ASUS\DOCUMENTS\MPLABORNEKLER\BUTONABASINCATERSLE.ASM 9 : Register in operand not in bank 0.  Ensure that bank bits are correct.
Warning[203] C:\USERS\ASUS\DOCUMENTS\MPLABORNEKLER\BUTONABASINCATERSLE.ASM 10 : Found opcode in column 1. (MOVLW)
Warning[203] C:\USERS\ASUS\DOCUMENTS\MPLABORNEKLER\BUTONABASINCATERSLE.ASM 11 : Found opcode in column 1. (MOVWF)
Message[302] C:\USERS\ASUS\DOCUMENTS\MPLABORNEKLER\BUTONABASINCATERSLE.ASM 11 : Register in operand not in bank 0.  Ensure that bank bits are correct.
Warning[203] C:\USERS\ASUS\DOCUMENTS\MPLABORNEKLER\BUTONABASINCATERSLE.ASM 12 : Found opcode in column 1. (MOVLW)
Warning[203] C:\USERS\ASUS\DOCUMENTS\MPLABORNEKLER\BUTONABASINCATERSLE.ASM 13 : Found opcode in column 1. (MOVWF)
Message[302] C:\USERS\ASUS\DOCUMENTS\MPLABORNEKLER\BUTONABASINCATERSLE.ASM 13 : Register in operand not in bank 0.  Ensure that bank bits are correct.
Warning[205] C:\USERS\ASUS\DOCUMENTS\MPLABORNEKLER\BUTONABASINCATERSLE.ASM 14 : Found directive in column 1. (BANKSEL)
Warning[203] C:\USERS\ASUS\DOCUMENTS\MPLABORNEKLER\BUTONABASINCATERSLE.ASM 16 : Found opcode in column 1. (MOVLW)
Warning[203] C:\USERS\ASUS\DOCUMENTS\MPLABORNEKLER\BUTONABASINCATERSLE.ASM 17 : Found opcode in column 1. (MOVWF)
Warning[203] C:\USERS\ASUS\DOCUMENTS\MPLABORNEKLER\BUTONABASINCATERSLE.ASM 21 : Found opcode in column 1. (BTFSS)
Warning[203] C:\USERS\ASUS\DOCUMENTS\MPLABORNEKLER\BUTONABASINCATERSLE.ASM 22 : Found opcode in column 1. (BTFSS)
Warning[203] C:\USERS\ASUS\DOCUMENTS\MPLABORNEKLER\BUTONABASINCATERSLE.ASM 23 : Found opcode in column 1. (GOTO)
Warning[203] C:\USERS\ASUS\DOCUMENTS\MPLABORNEKLER\BUTONABASINCATERSLE.ASM 24 : Found opcode in column 1. (GOTO)
Warning[203] C:\USERS\ASUS\DOCUMENTS\MPLABORNEKLER\BUTONABASINCATERSLE.ASM 30 : Found opcode in column 1. (GOTO)
Warning[203] C:\USERS\ASUS\DOCUMENTS\MPLABORNEKLER\BUTONABASINCATERSLE.ASM 34 : Found opcode in column 1. (movf)
Warning[203] C:\USERS\ASUS\DOCUMENTS\MPLABORNEKLER\BUTONABASINCATERSLE.ASM 35 : Found opcode in column 1. (MOVWF)
Warning[203] C:\USERS\ASUS\DOCUMENTS\MPLABORNEKLER\BUTONABASINCATERSLE.ASM 36 : Found opcode in column 1. (GOTO)
Warning[205] C:\USERS\ASUS\DOCUMENTS\MPLABORNEKLER\BUTONABASINCATERSLE.ASM 37 : Found directive in column 1. (END)
