Warning[205] C:\USERS\ASUS\DOCUMENTS\MPLABORNEKLER\CALISMA.ASM 1 : Found directive in column 1. (LIST)
Warning[205] C:\USERS\ASUS\DOCUMENTS\MPLABORNEKLER\CALISMA.ASM 2 : Found directive in column 1. (INCLUDE)
Warning[205] C:\USERS\ASUS\DOCUMENTS\MPLABORNEKLER\CALISMA.ASM 3 : Found directive in column 1. (__CONFIG)
Warning[205] C:\USERS\ASUS\DOCUMENTS\MPLABORNEKLER\CALISMA.ASM 6 : Found directive in column 1. (ORG)
Warning[203] C:\USERS\ASUS\DOCUMENTS\MPLABORNEKLER\CALISMA.ASM 7 : Found opcode in column 1. (GOTO)
Warning[205] C:\USERS\ASUS\DOCUMENTS\MPLABORNEKLER\CALISMA.ASM 8 : Found directive in column 1. (ORG)
Warning[203] C:\USERS\ASUS\DOCUMENTS\MPLABORNEKLER\CALISMA.ASM 9 : Found opcode in column 1. (BTFSS)
Warning[203] C:\USERS\ASUS\DOCUMENTS\MPLABORNEKLER\CALISMA.ASM 10 : Found opcode in column 1. (RETFIE)
Warning[203] C:\USERS\ASUS\DOCUMENTS\MPLABORNEKLER\CALISMA.ASM 11 : Found opcode in column 1. (BCF)
Warning[205] C:\USERS\ASUS\DOCUMENTS\MPLABORNEKLER\CALISMA.ASM 12 : Found directive in column 1. (BANKSEL)
Warning[203] C:\USERS\ASUS\DOCUMENTS\MPLABORNEKLER\CALISMA.ASM 13 : Found opcode in column 1. (MOVLW)
Warning[203] C:\USERS\ASUS\DOCUMENTS\MPLABORNEKLER\CALISMA.ASM 14 : Found opcode in column 1. (MOVWF)
Warning[203] C:\USERS\ASUS\DOCUMENTS\MPLABORNEKLER\CALISMA.ASM 15 : Found opcode in column 1. (MOVLW)
Warning[203] C:\USERS\ASUS\DOCUMENTS\MPLABORNEKLER\CALISMA.ASM 16 : Found opcode in column 1. (MOVWF)
Warning[203] C:\USERS\ASUS\DOCUMENTS\MPLABORNEKLER\CALISMA.ASM 17 : Found opcode in column 1. (DECFSZ)
Warning[203] C:\USERS\ASUS\DOCUMENTS\MPLABORNEKLER\CALISMA.ASM 18 : Found opcode in column 1. (RETFIE)
Warning[203] C:\USERS\ASUS\DOCUMENTS\MPLABORNEKLER\CALISMA.ASM 19 : Found opcode in column 1. (MOVLW)
Warning[203] C:\USERS\ASUS\DOCUMENTS\MPLABORNEKLER\CALISMA.ASM 20 : Found opcode in column 1. (MOVWF)
Warning[203] C:\USERS\ASUS\DOCUMENTS\MPLABORNEKLER\CALISMA.ASM 21 : Found opcode in column 1. (BTFSS)
Warning[203] C:\USERS\ASUS\DOCUMENTS\MPLABORNEKLER\CALISMA.ASM 22 : Found opcode in column 1. (GOTO)
Warning[203] C:\USERS\ASUS\DOCUMENTS\MPLABORNEKLER\CALISMA.ASM 23 : Found opcode in column 1. (GOTO)
Warning[203] C:\USERS\ASUS\DOCUMENTS\MPLABORNEKLER\CALISMA.ASM 25 : Found opcode in column 1. (RETFIE)
Warning[205] C:\USERS\ASUS\DOCUMENTS\MPLABORNEKLER\CALISMA.ASM 29 : Found directive in column 1. (BANKSEL)
Warning[203] C:\USERS\ASUS\DOCUMENTS\MPLABORNEKLER\CALISMA.ASM 30 : Found opcode in column 1. (CLRF)
Message[302] C:\USERS\ASUS\DOCUMENTS\MPLABORNEKLER\CALISMA.ASM 30 : Register in operand not in bank 0.  Ensure that bank bits are correct.
Warning[205] C:\USERS\ASUS\DOCUMENTS\MPLABORNEKLER\CALISMA.ASM 31 : Found directive in column 1. (BANKSEL)
Warning[203] C:\USERS\ASUS\DOCUMENTS\MPLABORNEKLER\CALISMA.ASM 32 : Found opcode in column 1. (CLRF)
Warning[203] C:\USERS\ASUS\DOCUMENTS\MPLABORNEKLER\CALISMA.ASM 33 : Found opcode in column 1. (CLRF)
Warning[203] C:\USERS\ASUS\DOCUMENTS\MPLABORNEKLER\CALISMA.ASM 34 : Found opcode in column 1. (MOVLW)
Warning[203] C:\USERS\ASUS\DOCUMENTS\MPLABORNEKLER\CALISMA.ASM 35 : Found opcode in column 1. (MOVWF)
Warning[205] C:\USERS\ASUS\DOCUMENTS\MPLABORNEKLER\CALISMA.ASM 36 : Found directive in column 1. (BANKSEL)
Warning[203] C:\USERS\ASUS\DOCUMENTS\MPLABORNEKLER\CALISMA.ASM 37 : Found opcode in column 1. (BSF)
Warning[203] C:\USERS\ASUS\DOCUMENTS\MPLABORNEKLER\CALISMA.ASM 38 : Found opcode in column 1. (BSF)
Warning[205] C:\USERS\ASUS\DOCUMENTS\MPLABORNEKLER\CALISMA.ASM 39 : Found directive in column 1. (BANKSEL)
Warning[203] C:\USERS\ASUS\DOCUMENTS\MPLABORNEKLER\CALISMA.ASM 40 : Found opcode in column 1. (BSF)
Message[302] C:\USERS\ASUS\DOCUMENTS\MPLABORNEKLER\CALISMA.ASM 40 : Register in operand not in bank 0.  Ensure that bank bits are correct.
Warning[205] C:\USERS\ASUS\DOCUMENTS\MPLABORNEKLER\CALISMA.ASM 41 : Found directive in column 1. (BANKSEL)
Warning[203] C:\USERS\ASUS\DOCUMENTS\MPLABORNEKLER\CALISMA.ASM 42 : Found opcode in column 1. (MOVLW)
Warning[203] C:\USERS\ASUS\DOCUMENTS\MPLABORNEKLER\CALISMA.ASM 43 : Found opcode in column 1. (MOVWF)
Warning[205] C:\USERS\ASUS\DOCUMENTS\MPLABORNEKLER\CALISMA.ASM 44 : Found directive in column 1. (BANKSEL)
Warning[203] C:\USERS\ASUS\DOCUMENTS\MPLABORNEKLER\CALISMA.ASM 45 : Found opcode in column 1. (MOVLW)
Warning[203] C:\USERS\ASUS\DOCUMENTS\MPLABORNEKLER\CALISMA.ASM 46 : Found opcode in column 1. (MOVWF)
Warning[203] C:\USERS\ASUS\DOCUMENTS\MPLABORNEKLER\CALISMA.ASM 48 : Found opcode in column 1. (GOTO)
Warning[203] C:\USERS\ASUS\DOCUMENTS\MPLABORNEKLER\CALISMA.ASM 51 : Found opcode in column 1. (BTFSS)
Warning[203] C:\USERS\ASUS\DOCUMENTS\MPLABORNEKLER\CALISMA.ASM 52 : Found opcode in column 1. (GOTO)
Warning[203] C:\USERS\ASUS\DOCUMENTS\MPLABORNEKLER\CALISMA.ASM 53 : Found opcode in column 1. (GOTO)
Warning[203] C:\USERS\ASUS\DOCUMENTS\MPLABORNEKLER\CALISMA.ASM 55 : Found opcode in column 1. (INCF)
Warning[203] C:\USERS\ASUS\DOCUMENTS\MPLABORNEKLER\CALISMA.ASM 56 : Found opcode in column 1. (GOTO)
Warning[203] C:\USERS\ASUS\DOCUMENTS\MPLABORNEKLER\CALISMA.ASM 59 : Found opcode in column 1. (RLF)
Warning[203] C:\USERS\ASUS\DOCUMENTS\MPLABORNEKLER\CALISMA.ASM 60 : Found opcode in column 1. (BCF)
Warning[203] C:\USERS\ASUS\DOCUMENTS\MPLABORNEKLER\CALISMA.ASM 61 : Found opcode in column 1. (GOTO)
Warning[203] C:\USERS\ASUS\DOCUMENTS\MPLABORNEKLER\CALISMA.ASM 64 : Found opcode in column 1. (BTFSS)
Warning[203] C:\USERS\ASUS\DOCUMENTS\MPLABORNEKLER\CALISMA.ASM 65 : Found opcode in column 1. (GOTO)
Warning[203] C:\USERS\ASUS\DOCUMENTS\MPLABORNEKLER\CALISMA.ASM 66 : Found opcode in column 1. (GOTO)
Warning[203] C:\USERS\ASUS\DOCUMENTS\MPLABORNEKLER\CALISMA.ASM 69 : Found opcode in column 1. (RRF)
Warning[203] C:\USERS\ASUS\DOCUMENTS\MPLABORNEKLER\CALISMA.ASM 70 : Found opcode in column 1. (BCF)
Warning[203] C:\USERS\ASUS\DOCUMENTS\MPLABORNEKLER\CALISMA.ASM 71 : Found opcode in column 1. (GOTO)
Warning[203] C:\USERS\ASUS\DOCUMENTS\MPLABORNEKLER\CALISMA.ASM 73 : Found opcode in column 1. (CLRF)
Warning[203] C:\USERS\ASUS\DOCUMENTS\MPLABORNEKLER\CALISMA.ASM 74 : Found opcode in column 1. (GOTO)
Warning[205] C:\USERS\ASUS\DOCUMENTS\MPLABORNEKLER\CALISMA.ASM 75 : Found directive in column 1. (END)
