Warning[205] C:\USERS\ASUS\DOCUMENTS\MPLABORNEKLER\CARPMA.ASM 1 : Found directive in column 1. (LIST)
Warning[205] C:\USERS\ASUS\DOCUMENTS\MPLABORNEKLER\CARPMA.ASM 2 : Found directive in column 1. (INCLUDE)
Warning[205] C:\USERS\ASUS\DOCUMENTS\MPLABORNEKLER\CARPMA.ASM 3 : Found directive in column 1. (__config)
Warning[205] C:\USERS\ASUS\DOCUMENTS\MPLABORNEKLER\CARPMA.ASM 12 : Found directive in column 1. (ORG)
Warning[203] C:\USERS\ASUS\DOCUMENTS\MPLABORNEKLER\CARPMA.ASM 13 : Found opcode in column 1. (CLRF)
Warning[205] C:\USERS\ASUS\DOCUMENTS\MPLABORNEKLER\CARPMA.ASM 14 : Found directive in column 1. (BANKSEL)
Warning[203] C:\USERS\ASUS\DOCUMENTS\MPLABORNEKLER\CARPMA.ASM 15 : Found opcode in column 1. (MOVLW)
Warning[203] C:\USERS\ASUS\DOCUMENTS\MPLABORNEKLER\CARPMA.ASM 16 : Found opcode in column 1. (MOVWF)
Message[302] C:\USERS\ASUS\DOCUMENTS\MPLABORNEKLER\CARPMA.ASM 16 : Register in operand not in bank 0.  Ensure that bank bits are correct.
Warning[205] C:\USERS\ASUS\DOCUMENTS\MPLABORNEKLER\CARPMA.ASM 18 : Found directive in column 1. (BANKSEL)
Warning[203] C:\USERS\ASUS\DOCUMENTS\MPLABORNEKLER\CARPMA.ASM 19 : Found opcode in column 1. (CLRF)
Warning[203] C:\USERS\ASUS\DOCUMENTS\MPLABORNEKLER\CARPMA.ASM 20 : Found opcode in column 1. (CLRF)
Warning[205] C:\USERS\ASUS\DOCUMENTS\MPLABORNEKLER\CARPMA.ASM 23 : Found directive in column 1. (BANKSEL)
Warning[203] C:\USERS\ASUS\DOCUMENTS\MPLABORNEKLER\CARPMA.ASM 24 : Found opcode in column 1. (BSF)
Message[302] C:\USERS\ASUS\DOCUMENTS\MPLABORNEKLER\CARPMA.ASM 24 : Register in operand not in bank 0.  Ensure that bank bits are correct.
Warning[203] C:\USERS\ASUS\DOCUMENTS\MPLABORNEKLER\CARPMA.ASM 25 : Found opcode in column 1. (MOVLW)
Warning[203] C:\USERS\ASUS\DOCUMENTS\MPLABORNEKLER\CARPMA.ASM 26 : Found opcode in column 1. (MOVWF)
Message[302] C:\USERS\ASUS\DOCUMENTS\MPLABORNEKLER\CARPMA.ASM 26 : Register in operand not in bank 0.  Ensure that bank bits are correct.
Warning[205] C:\USERS\ASUS\DOCUMENTS\MPLABORNEKLER\CARPMA.ASM 27 : Found directive in column 1. (BANKSEL)
Warning[203] C:\USERS\ASUS\DOCUMENTS\MPLABORNEKLER\CARPMA.ASM 31 : Found opcode in column 1. (MOVLW)
Warning[203] C:\USERS\ASUS\DOCUMENTS\MPLABORNEKLER\CARPMA.ASM 32 : Found opcode in column 1. (MOVWF)
Warning[203] C:\USERS\ASUS\DOCUMENTS\MPLABORNEKLER\CARPMA.ASM 33 : Found opcode in column 1. (MOVWF)
Warning[203] C:\USERS\ASUS\DOCUMENTS\MPLABORNEKLER\CARPMA.ASM 34 : Found opcode in column 1. (MOVLW)
Warning[203] C:\USERS\ASUS\DOCUMENTS\MPLABORNEKLER\CARPMA.ASM 35 : Found opcode in column 1. (MOVWF)
Warning[203] C:\USERS\ASUS\DOCUMENTS\MPLABORNEKLER\CARPMA.ASM 36 : Found opcode in column 1. (MOVWF)
Warning[207] C:\USERS\ASUS\DOCUMENTS\MPLABORNEKLER\CARPMA.ASM 39 : Found label after column 1. (DONGU)
Warning[203] C:\USERS\ASUS\DOCUMENTS\MPLABORNEKLER\CARPMA.ASM 40 : Found opcode in column 1. (BTFSS)
Warning[203] C:\USERS\ASUS\DOCUMENTS\MPLABORNEKLER\CARPMA.ASM 41 : Found opcode in column 1. (GOTO)
Warning[203] C:\USERS\ASUS\DOCUMENTS\MPLABORNEKLER\CARPMA.ASM 42 : Found opcode in column 1. (GOTO)
Warning[203] C:\USERS\ASUS\DOCUMENTS\MPLABORNEKLER\CARPMA.ASM 46 : Found opcode in column 1. (DECFSZ)
Warning[203] C:\USERS\ASUS\DOCUMENTS\MPLABORNEKLER\CARPMA.ASM 47 : Found opcode in column 1. (GOTO)
Warning[203] C:\USERS\ASUS\DOCUMENTS\MPLABORNEKLER\CARPMA.ASM 48 : Found opcode in column 1. (GOTO)
Warning[203] C:\USERS\ASUS\DOCUMENTS\MPLABORNEKLER\CARPMA.ASM 51 : Found opcode in column 1. (MOVF)
Warning[203] C:\USERS\ASUS\DOCUMENTS\MPLABORNEKLER\CARPMA.ASM 52 : Found opcode in column 1. (ADDWF)
Warning[203] C:\USERS\ASUS\DOCUMENTS\MPLABORNEKLER\CARPMA.ASM 53 : Found opcode in column 1. (GOTO)
Warning[203] C:\USERS\ASUS\DOCUMENTS\MPLABORNEKLER\CARPMA.ASM 56 : Found opcode in column 1. (INCF)
Message[305] C:\USERS\ASUS\DOCUMENTS\MPLABORNEKLER\CARPMA.ASM 56 : Using default destination of 1 (file).
Warning[203] C:\USERS\ASUS\DOCUMENTS\MPLABORNEKLER\CARPMA.ASM 57 : Found opcode in column 1. (BCF)
Warning[203] C:\USERS\ASUS\DOCUMENTS\MPLABORNEKLER\CARPMA.ASM 58 : Found opcode in column 1. (GOTO)
Warning[207] C:\USERS\ASUS\DOCUMENTS\MPLABORNEKLER\CARPMA.ASM 60 : Found label after column 1. (BITIR)
Warning[203] C:\USERS\ASUS\DOCUMENTS\MPLABORNEKLER\CARPMA.ASM 61 : Found opcode in column 1. (BTFSS)
Warning[203] C:\USERS\ASUS\DOCUMENTS\MPLABORNEKLER\CARPMA.ASM 62 : Found opcode in column 1. (GOTO)
Warning[203] C:\USERS\ASUS\DOCUMENTS\MPLABORNEKLER\CARPMA.ASM 63 : Found opcode in column 1. (GOTO)
Warning[203] C:\USERS\ASUS\DOCUMENTS\MPLABORNEKLER\CARPMA.ASM 66 : Found opcode in column 1. (BTFSS)
Warning[203] C:\USERS\ASUS\DOCUMENTS\MPLABORNEKLER\CARPMA.ASM 67 : Found opcode in column 1. (GOTO)
Warning[203] C:\USERS\ASUS\DOCUMENTS\MPLABORNEKLER\CARPMA.ASM 68 : Found opcode in column 1. (GOTO)
Warning[203] C:\USERS\ASUS\DOCUMENTS\MPLABORNEKLER\CARPMA.ASM 70 : Found opcode in column 1. (INCF)
Message[305] C:\USERS\ASUS\DOCUMENTS\MPLABORNEKLER\CARPMA.ASM 70 : Using default destination of 1 (file).
Warning[203] C:\USERS\ASUS\DOCUMENTS\MPLABORNEKLER\CARPMA.ASM 71 : Found opcode in column 1. (MOVF)
Warning[203] C:\USERS\ASUS\DOCUMENTS\MPLABORNEKLER\CARPMA.ASM 72 : Found opcode in column 1. (MOVWF)
Warning[203] C:\USERS\ASUS\DOCUMENTS\MPLABORNEKLER\CARPMA.ASM 73 : Found opcode in column 1. (GOTO)
Warning[203] C:\USERS\ASUS\DOCUMENTS\MPLABORNEKLER\CARPMA.ASM 76 : Found opcode in column 1. (DECF)
Message[305] C:\USERS\ASUS\DOCUMENTS\MPLABORNEKLER\CARPMA.ASM 76 : Using default destination of 1 (file).
Warning[203] C:\USERS\ASUS\DOCUMENTS\MPLABORNEKLER\CARPMA.ASM 77 : Found opcode in column 1. (MOVF)
Warning[203] C:\USERS\ASUS\DOCUMENTS\MPLABORNEKLER\CARPMA.ASM 78 : Found opcode in column 1. (MOVWF)
Warning[203] C:\USERS\ASUS\DOCUMENTS\MPLABORNEKLER\CARPMA.ASM 79 : Found opcode in column 1. (GOTO)
Warning[205] C:\USERS\ASUS\DOCUMENTS\MPLABORNEKLER\CARPMA.ASM 80 : Found directive in column 1. (END)
