Warning[205] C:\USERS\ASUS\DOCUMENTS\MPLABORNEKLER\DOTMATRIS.ASM 1 : Found directive in column 1. (LIST)
Warning[205] C:\USERS\ASUS\DOCUMENTS\MPLABORNEKLER\DOTMATRIS.ASM 2 : Found directive in column 1. (INCLUDE)
Warning[205] C:\USERS\ASUS\DOCUMENTS\MPLABORNEKLER\DOTMATRIS.ASM 3 : Found directive in column 1. (__CONFIG)
Warning[205] C:\USERS\ASUS\DOCUMENTS\MPLABORNEKLER\DOTMATRIS.ASM 6 : Found directive in column 1. (ORG)
Warning[205] C:\USERS\ASUS\DOCUMENTS\MPLABORNEKLER\DOTMATRIS.ASM 8 : Found directive in column 1. (BANKSEL)
Warning[203] C:\USERS\ASUS\DOCUMENTS\MPLABORNEKLER\DOTMATRIS.ASM 9 : Found opcode in column 1. (CLRF)
Message[302] C:\USERS\ASUS\DOCUMENTS\MPLABORNEKLER\DOTMATRIS.ASM 9 : Register in operand not in bank 0.  Ensure that bank bits are correct.
Warning[203] C:\USERS\ASUS\DOCUMENTS\MPLABORNEKLER\DOTMATRIS.ASM 10 : Found opcode in column 1. (CLRF)
Message[302] C:\USERS\ASUS\DOCUMENTS\MPLABORNEKLER\DOTMATRIS.ASM 10 : Register in operand not in bank 0.  Ensure that bank bits are correct.
Warning[205] C:\USERS\ASUS\DOCUMENTS\MPLABORNEKLER\DOTMATRIS.ASM 11 : Found directive in column 1. (BANKSEL)
Warning[203] C:\USERS\ASUS\DOCUMENTS\MPLABORNEKLER\DOTMATRIS.ASM 12 : Found opcode in column 1. (CLRF)
Warning[203] C:\USERS\ASUS\DOCUMENTS\MPLABORNEKLER\DOTMATRIS.ASM 13 : Found opcode in column 1. (CLRF)
Warning[203] C:\USERS\ASUS\DOCUMENTS\MPLABORNEKLER\DOTMATRIS.ASM 14 : Found opcode in column 1. (MOVLW)
Warning[203] C:\USERS\ASUS\DOCUMENTS\MPLABORNEKLER\DOTMATRIS.ASM 15 : Found opcode in column 1. (MOVWF)
Warning[203] C:\USERS\ASUS\DOCUMENTS\MPLABORNEKLER\DOTMATRIS.ASM 18 : Found opcode in column 1. (DECFSZ)
Warning[203] C:\USERS\ASUS\DOCUMENTS\MPLABORNEKLER\DOTMATRIS.ASM 19 : Found opcode in column 1. (GOTO)
Warning[203] C:\USERS\ASUS\DOCUMENTS\MPLABORNEKLER\DOTMATRIS.ASM 20 : Found opcode in column 1. (MOVLW)
Warning[203] C:\USERS\ASUS\DOCUMENTS\MPLABORNEKLER\DOTMATRIS.ASM 21 : Found opcode in column 1. (MOVWF)
Warning[203] C:\USERS\ASUS\DOCUMENTS\MPLABORNEKLER\DOTMATRIS.ASM 22 : Found opcode in column 1. (CLRF)
Warning[203] C:\USERS\ASUS\DOCUMENTS\MPLABORNEKLER\DOTMATRIS.ASM 23 : Found opcode in column 1. (INCF)
Warning[203] C:\USERS\ASUS\DOCUMENTS\MPLABORNEKLER\DOTMATRIS.ASM 24 : Found opcode in column 1. (BCF)
Warning[203] C:\USERS\ASUS\DOCUMENTS\MPLABORNEKLER\DOTMATRIS.ASM 25 : Found opcode in column 1. (CALL)
Warning[203] C:\USERS\ASUS\DOCUMENTS\MPLABORNEKLER\DOTMATRIS.ASM 26 : Found opcode in column 1. (GOTO)
Warning[203] C:\USERS\ASUS\DOCUMENTS\MPLABORNEKLER\DOTMATRIS.ASM 29 : Found opcode in column 1. (MOVF)
Warning[203] C:\USERS\ASUS\DOCUMENTS\MPLABORNEKLER\DOTMATRIS.ASM 30 : Found opcode in column 1. (CALL)
Warning[203] C:\USERS\ASUS\DOCUMENTS\MPLABORNEKLER\DOTMATRIS.ASM 31 : Found opcode in column 1. (MOVWF)
Warning[203] C:\USERS\ASUS\DOCUMENTS\MPLABORNEKLER\DOTMATRIS.ASM 32 : Found opcode in column 1. (CALL)
Warning[203] C:\USERS\ASUS\DOCUMENTS\MPLABORNEKLER\DOTMATRIS.ASM 33 : Found opcode in column 1. (CALL)
Warning[203] C:\USERS\ASUS\DOCUMENTS\MPLABORNEKLER\DOTMATRIS.ASM 34 : Found opcode in column 1. (RLF)
Message[305] C:\USERS\ASUS\DOCUMENTS\MPLABORNEKLER\DOTMATRIS.ASM 34 : Using default destination of 1 (file).
Warning[203] C:\USERS\ASUS\DOCUMENTS\MPLABORNEKLER\DOTMATRIS.ASM 35 : Found opcode in column 1. (BCF)
Warning[203] C:\USERS\ASUS\DOCUMENTS\MPLABORNEKLER\DOTMATRIS.ASM 36 : Found opcode in column 1. (GOTO)
Warning[203] C:\USERS\ASUS\DOCUMENTS\MPLABORNEKLER\DOTMATRIS.ASM 39 : Found opcode in column 1. (MOVLW)
Warning[203] C:\USERS\ASUS\DOCUMENTS\MPLABORNEKLER\DOTMATRIS.ASM 40 : Found opcode in column 1. (MOVWF)
Warning[203] C:\USERS\ASUS\DOCUMENTS\MPLABORNEKLER\DOTMATRIS.ASM 42 : Found opcode in column 1. (DECFSZ)
Warning[203] C:\USERS\ASUS\DOCUMENTS\MPLABORNEKLER\DOTMATRIS.ASM 43 : Found opcode in column 1. (GOTO)
Warning[203] C:\USERS\ASUS\DOCUMENTS\MPLABORNEKLER\DOTMATRIS.ASM 44 : Found opcode in column 1. (RETURN)
Warning[203] C:\USERS\ASUS\DOCUMENTS\MPLABORNEKLER\DOTMATRIS.ASM 48 : Found opcode in column 1. (ADDWF)
Warning[203] C:\USERS\ASUS\DOCUMENTS\MPLABORNEKLER\DOTMATRIS.ASM 49 : Found opcode in column 1. (RETLW)
Warning[203] C:\USERS\ASUS\DOCUMENTS\MPLABORNEKLER\DOTMATRIS.ASM 50 : Found opcode in column 1. (RETLW)
Warning[203] C:\USERS\ASUS\DOCUMENTS\MPLABORNEKLER\DOTMATRIS.ASM 51 : Found opcode in column 1. (RETLW)
Warning[203] C:\USERS\ASUS\DOCUMENTS\MPLABORNEKLER\DOTMATRIS.ASM 52 : Found opcode in column 1. (RETLW)
Warning[203] C:\USERS\ASUS\DOCUMENTS\MPLABORNEKLER\DOTMATRIS.ASM 53 : Found opcode in column 1. (RETLW)
Warning[203] C:\USERS\ASUS\DOCUMENTS\MPLABORNEKLER\DOTMATRIS.ASM 54 : Found opcode in column 1. (RETLW)
Warning[205] C:\USERS\ASUS\DOCUMENTS\MPLABORNEKLER\DOTMATRIS.ASM 55 : Found directive in column 1. (end)
