MPASM  5.51                         FINAL.ASM   12-29-2018  1:26:28         PAGE  1


LOC  OBJECT CODE     LINE SOURCE TEXT
  VALUE

Warning[205]: Found directive in column 1. (LIST)
                      00001 LIST P=16F877A
Warning[205]: Found directive in column 1. (INCLUDE)
                      00002 INCLUDE "P16F877A.INC"
                      00001         LIST
                      00002 
                      00003 ;==========================================================================
                      00004 ;  MPASM PIC16F877A processor include
                      00005 ; 
                      00006 ;  (c) Copyright 1999-2013 Microchip Technology, All rights reserved
                      00007 ;==========================================================================
                      00008 
                      00566         LIST
Warning[205]: Found directive in column 1. (__CONFIG)
2007   3F31           00003 __CONFIG H'3F31'
  00000022            00004 GECIK EQU H'22'
  00000021            00005 GECIK2 EQU H'21'
  00000023            00006 ALT EQU H'23'
  00000024            00007 UST EQU H'24'
  00000025            00008 VERI EQU H'25'
Warning[205]: Found directive in column 1. (ORG)
0000                  00009 ORG 0X00
0000                  00010 BASLA
                      00011 
Warning[205]: Found directive in column 1. (BANKSEL)
0000   1683 1303      00012 BANKSEL TRISB
Warning[203]: Found opcode in column 1. (CLRF)
Message[302]: Register in operand not in bank 0.  Ensure that bank bits are correct.
0002   0186           00013 CLRF TRISB
Warning[203]: Found opcode in column 1. (CLRF)
Message[302]: Register in operand not in bank 0.  Ensure that bank bits are correct.
0003   0188           00014 CLRF TRISD
Warning[205]: Found directive in column 1. (BANKSEL)
0004   1283 1303      00015 BANKSEL PORTB
Warning[203]: Found opcode in column 1. (CLRF)
0006   0186           00016 CLRF PORTB
Warning[203]: Found opcode in column 1. (CLRF)
0007   0188           00017 CLRF PORTD
Warning[203]: Found opcode in column 1. (MOVLW)
0008   3002           00018 MOVLW H'02'
Warning[203]: Found opcode in column 1. (CALL)
0009   203F           00019 CALL LCD_KUR
Warning[203]: Found opcode in column 1. (MOVLW)
000A   300C           00020 MOVLW h'0C'     
Warning[203]: Found opcode in column 1. (CALL)
000B   203F           00021 CALL LCD_KUR
Warning[203]: Found opcode in column 1. (MOVLW)
000C   3038           00022 MOVLW h'38'
Warning[203]: Found opcode in column 1. (MOVWF)
000D   00BF           00023 MOVWF LCD_KUR
Warning[205]: Found directive in column 1. (BANKSEL)
000E   1283 1303      00024 BANKSEL UST
Warning[203]: Found opcode in column 1. (MOVLW)
MPASM  5.51                         FINAL.ASM   12-29-2018  1:26:28         PAGE  2


LOC  OBJECT CODE     LINE SOURCE TEXT
  VALUE

0010   3005           00025 MOVLW d'5'
Warning[203]: Found opcode in column 1. (MOVWF)
0011   00A4           00026 MOVWF UST
Warning[203]: Found opcode in column 1. (MOVLW)
0012   3006           00027 MOVLW d'6'
Warning[203]: Found opcode in column 1. (MOVWF)
0013   00A3           00028 MOVWF ALT
Warning[203]: Found opcode in column 1. (BSF)
0014   1506           00029 BSF PORTB,2
Warning[203]: Found opcode in column 1. (BCF)
0015   1186           00030 BCF PORTB,3
                      00031 
Warning[207]: Found label after column 1. (DONGUUST)
0016                  00032         DONGUUST
Warning[203]: Found opcode in column 1. (MOVF)
0016   0824           00033 MOVF UST,W
Warning[203]: Found opcode in column 1. (MOVWF)
0017   00A5           00034 MOVWF VERI
Warning[203]: Found opcode in column 1. (CALL)
0018   2024           00035 CALL TABLOAD
                      00036 
Warning[203]: Found opcode in column 1. (CALL)
0019   2046           00037 CALL LCD_VERI
Warning[203]: Found opcode in column 1. (DECFSZ)
001A   0BA4           00038 DECFSZ UST,F
Warning[203]: Found opcode in column 1. (GOTO)
001B   2816           00039 GOTO DONGUUST
                      00040 
Warning[203]: Found opcode in column 1. (call)
001C   2033           00041 call Satýr2
                      00042 
                      00043 
Warning[207]: Found label after column 1. (DONGUALT)
001D                  00044         DONGUALT
Warning[203]: Found opcode in column 1. (MOVF)
001D   0823           00045 MOVF ALT,W
Warning[203]: Found opcode in column 1. (MOVWF)
001E   00A5           00046 MOVWF VERI
Warning[203]: Found opcode in column 1. (CALL)
001F   202B           00047 CALL TABLOSOY
Warning[203]: Found opcode in column 1. (CALL)
0020   2046           00048 CALL LCD_VERI
Warning[203]: Found opcode in column 1. (DECFSZ)
0021   0BA3           00049 DECFSZ ALT,F
Warning[203]: Found opcode in column 1. (GOTO)
0022   281D           00050 GOTO DONGUALT
                      00051 
0023                  00052 DONN
Warning[203]: Found opcode in column 1. (GOTO)
0023   2823           00053 GOTO DONN
                      00054 
0024                  00055 TABLOAD
Warning[203]: Found opcode in column 1. (ADDWF)
MPASM  5.51                         FINAL.ASM   12-29-2018  1:26:28         PAGE  3


LOC  OBJECT CODE     LINE SOURCE TEXT
  VALUE

0024   0782           00056 ADDWF PCL,F
Warning[203]: Found opcode in column 1. (RETLW)
0025   344F           00057 RETLW A'O'
Warning[203]: Found opcode in column 1. (RETLW)
0026   344E           00058 RETLW A'N'
Warning[203]: Found opcode in column 1. (RETLW)
0027   3449           00059 RETLW A'I'
Warning[203]: Found opcode in column 1. (RETLW)
0028   3453           00060 RETLW A'S'
Warning[203]: Found opcode in column 1. (RETLW)
0029   3452           00061 RETLW A'R'
Warning[203]: Found opcode in column 1. (RETLW)
002A   3445           00062 RETLW A'E'
                      00063 
                      00064 
                      00065 
002B                  00066 TABLOSOY
Warning[203]: Found opcode in column 1. (ADDWF)
002B   0782           00067 ADDWF PCL,F
Warning[203]: Found opcode in column 1. (RETLW)
002C   344F           00068 RETLW A'O'
Warning[203]: Found opcode in column 1. (RETLW)
002D   345A           00069 RETLW A'Z'
Warning[203]: Found opcode in column 1. (RETLW)
002E   3449           00070 RETLW A'I'
Warning[203]: Found opcode in column 1. (RETLW)
002F   3447           00071 RETLW A'G'
Warning[203]: Found opcode in column 1. (RETLW)
0030   344E           00072 RETLW A'N'
Warning[203]: Found opcode in column 1. (RETLW)
0031   3445           00073 RETLW A'E'
Warning[203]: Found opcode in column 1. (RETLW)
0032   3443           00074 RETLW A'C'
                      00075 
0033                  00076 Satýr2
Warning[203]: Found opcode in column 1. (MOVLW)
0033   30C0           00077 MOVLW H'C0'
Warning[203]: Found opcode in column 1. (CALL)
0034   203F           00078 CALL LCD_KUR
Warning[203]: Found opcode in column 1. (return)
0035   0008           00079 return
                      00080 
0036                  00081 GECIKME
Warning[203]: Found opcode in column 1. (MOVLW)
0036   30DD           00082 MOVLW h'DD'
Warning[203]: Found opcode in column 1. (MOVWF)
0037   00A2           00083 MOVWF GECIK
0038                  00084 DON
Warning[203]: Found opcode in column 1. (MOVLW)
0038   30DD           00085 MOVLW h'DD'
Warning[203]: Found opcode in column 1. (MOVWF)
0039   00A1           00086 MOVWF GECIK2
003A                  00087 DON1
MPASM  5.51                         FINAL.ASM   12-29-2018  1:26:28         PAGE  4


LOC  OBJECT CODE     LINE SOURCE TEXT
  VALUE

Warning[203]: Found opcode in column 1. (DECFSZ)
003A   0BA1           00088 DECFSZ GECIK2,F
Warning[203]: Found opcode in column 1. (GOTO)
003B   283A           00089 GOTO DON1
Warning[203]: Found opcode in column 1. (DECFSZ)
003C   0BA2           00090 DECFSZ GECIK,F
Warning[203]: Found opcode in column 1. (GOTO)
003D   2838           00091 GOTO DON
Warning[203]: Found opcode in column 1. (RETURN)
003E   0008           00092 RETURN
                      00093 
                      00094 
003F                  00095 LCD_KUR
Warning[203]: Found opcode in column 1. (MOVWF)
003F   0088           00096 MOVWF PORTD
Warning[203]: Found opcode in column 1. (BCF)
0040   1206           00097 BCF PORTB,4
Warning[203]: Found opcode in column 1. (BSF)
0041   1706           00098 BSF PORTB,6
Warning[203]: Found opcode in column 1. (CALL)
0042   2036           00099 CALL GECIKME
Warning[203]: Found opcode in column 1. (BCF)
0043   1306           00100 BCF PORTB,6
Warning[203]: Found opcode in column 1. (nop)
0044   0000           00101 nop
Warning[203]: Found opcode in column 1. (RETURN)
0045   0008           00102 RETURN
                      00103 
0046                  00104 LCD_VERI
Warning[203]: Found opcode in column 1. (MOVWF)
0046   0088           00105 MOVWF PORTD
                      00106 
Warning[203]: Found opcode in column 1. (BSF)
0047   1606           00107 BSF PORTB,4
Warning[203]: Found opcode in column 1. (BSF)
0048   1706           00108 BSF PORTB,6
Warning[203]: Found opcode in column 1. (CALL)
0049   2036           00109 CALL GECIKME
Warning[203]: Found opcode in column 1. (BCF)
004A   1306           00110 BCF PORTB,6
Warning[203]: Found opcode in column 1. (RETURN)
004B   0008           00111 RETURN
Warning[205]: Found directive in column 1. (END)
                      00112 END
MPASM  5.51                         FINAL.ASM   12-29-2018  1:26:28         PAGE  5


SYMBOL TABLE
  LABEL                             VALUE 

ACKDT                             00000005
ACKEN                             00000004
ACKSTAT                           00000006
ADCON0                            0000001F
ADCON1                            0000009F
ADCS0                             00000006
ADCS1                             00000007
ADCS2                             00000006
ADDEN                             00000003
ADFM                              00000007
ADIE                              00000006
ADIF                              00000006
ADON                              00000000
ADRESH                            0000001E
ADRESL                            0000009E
ALT                               00000023
BASLA                             00000000
BCLIE                             00000003
BCLIF                             00000003
BF                                00000000
BRGH                              00000002
C                                 00000000
C1INV                             00000004
C1OUT                             00000006
C2INV                             00000005
C2OUT                             00000007
CCP1CON                           00000017
CCP1IE                            00000002
CCP1IF                            00000002
CCP1M0                            00000000
CCP1M1                            00000001
CCP1M2                            00000002
CCP1M3                            00000003
CCP1X                             00000005
CCP1Y                             00000004
CCP2CON                           0000001D
CCP2IE                            00000000
CCP2IF                            00000000
CCP2M0                            00000000
CCP2M1                            00000001
CCP2M2                            00000002
CCP2M3                            00000003
CCP2X                             00000005
CCP2Y                             00000004
CCPR1                             00000015
CCPR1H                            00000016
CCPR1L                            00000015
CCPR2                             0000001B
CCPR2H                            0000001C
CCPR2L                            0000001B
CHS0                              00000003
CHS1                              00000004
CHS2                              00000005
MPASM  5.51                         FINAL.ASM   12-29-2018  1:26:28         PAGE  6


SYMBOL TABLE
  LABEL                             VALUE 

CIS                               00000003
CKE                               00000006
CKP                               00000004
CM0                               00000000
CM1                               00000001
CM2                               00000002
CMCON                             0000009C
CMIE                              00000006
CMIF                              00000006
CREN                              00000004
CSRC                              00000007
CVR0                              00000000
CVR1                              00000001
CVR2                              00000002
CVR3                              00000003
CVRCON                            0000009D
CVREN                             00000007
CVROE                             00000006
CVRR                              00000005
D                                 00000005
DATA_ADDRESS                      00000005
DC                                00000001
DON                               00000038
DON1                              0000003A
DONGUALT                          0000001D
DONGUUST                          00000016
DONN                              00000023
D_A                               00000005
D_NOT_A                           00000005
EEADR                             0000010D
EEADRH                            0000010F
EECON1                            0000018C
EECON2                            0000018D
EEDATA                            0000010C
EEDATH                            0000010E
EEIE                              00000004
EEIF                              00000004
EEPGD                             00000007
F                                 00000001
FERR                              00000002
FSR                               00000004
GCEN                              00000007
GECIK                             00000022
GECIK2                            00000021
GECIKME                           00000036
GIE                               00000007
GO                                00000002
GO_DONE                           00000002
GO_NOT_DONE                       00000002
I2C_DATA                          00000005
I2C_READ                          00000002
I2C_START                         00000003
I2C_STOP                          00000004
MPASM  5.51                         FINAL.ASM   12-29-2018  1:26:28         PAGE  7


SYMBOL TABLE
  LABEL                             VALUE 

IBF                               00000007
IBOV                              00000005
INDF                              00000000
INTCON                            0000000B
INTE                              00000004
INTEDG                            00000006
INTF                              00000001
IRP                               00000007
LCD_KUR                           0000003F
LCD_VERI                          00000046
NOT_A                             00000005
NOT_ADDRESS                       00000005
NOT_BO                            00000000
NOT_BOR                           00000000
NOT_DONE                          00000002
NOT_PD                            00000003
NOT_POR                           00000001
NOT_RBPU                          00000007
NOT_RC8                           00000006
NOT_T1SYNC                        00000002
NOT_TO                            00000004
NOT_TX8                           00000006
NOT_W                             00000002
NOT_WRITE                         00000002
OBF                               00000006
OERR                              00000001
OPTION_REG                        00000081
P                                 00000004
PCFG0                             00000000
PCFG1                             00000001
PCFG2                             00000002
PCFG3                             00000003
PCL                               00000002
PCLATH                            0000000A
PCON                              0000008E
PEIE                              00000006
PEN                               00000002
PIE1                              0000008C
PIE2                              0000008D
PIR1                              0000000C
PIR2                              0000000D
PORTA                             00000005
PORTB                             00000006
PORTC                             00000007
PORTD                             00000008
PORTE                             00000009
PR2                               00000092
PS0                               00000000
PS1                               00000001
PS2                               00000002
PSA                               00000003
PSPIE                             00000007
PSPIF                             00000007
MPASM  5.51                         FINAL.ASM   12-29-2018  1:26:28         PAGE  8


SYMBOL TABLE
  LABEL                             VALUE 

PSPMODE                           00000004
R                                 00000002
RA0                               00000000
RA1                               00000001
RA2                               00000002
RA3                               00000003
RA4                               00000004
RA5                               00000005
RB0                               00000000
RB1                               00000001
RB2                               00000002
RB3                               00000003
RB4                               00000004
RB5                               00000005
RB6                               00000006
RB7                               00000007
RBIE                              00000003
RBIF                              00000000
RC0                               00000000
RC1                               00000001
RC2                               00000002
RC3                               00000003
RC4                               00000004
RC5                               00000005
RC6                               00000006
RC7                               00000007
RC8_9                             00000006
RC9                               00000006
RCD8                              00000000
RCEN                              00000003
RCIE                              00000005
RCIF                              00000005
RCREG                             0000001A
RCSTA                             00000018
RD                                00000000
RD0                               00000000
RD1                               00000001
RD2                               00000002
RD3                               00000003
RD4                               00000004
RD5                               00000005
RD6                               00000006
RD7                               00000007
RE0                               00000000
RE1                               00000001
RE2                               00000002
READ_WRITE                        00000002
RP0                               00000005
RP1                               00000006
RSEN                              00000001
RX9                               00000006
RX9D                              00000000
R_NOT_W                           00000002
MPASM  5.51                         FINAL.ASM   12-29-2018  1:26:28         PAGE  9


SYMBOL TABLE
  LABEL                             VALUE 

R_W                               00000002
S                                 00000003
SEN                               00000000
SMP                               00000007
SPBRG                             00000099
SPEN                              00000007
SREN                              00000005
SSPADD                            00000093
SSPBUF                            00000013
SSPCON                            00000014
SSPCON2                           00000091
SSPEN                             00000005
SSPIE                             00000003
SSPIF                             00000003
SSPM0                             00000000
SSPM1                             00000001
SSPM2                             00000002
SSPM3                             00000003
SSPOV                             00000006
SSPSTAT                           00000094
STATUS                            00000003
SYNC                              00000004
Satýr2                            00000033
T0CS                              00000005
T0IE                              00000005
T0IF                              00000002
T0SE                              00000004
T1CKPS0                           00000004
T1CKPS1                           00000005
T1CON                             00000010
T1INSYNC                          00000002
T1OSCEN                           00000003
T1SYNC                            00000002
T2CKPS0                           00000000
T2CKPS1                           00000001
T2CON                             00000012
TABLOAD                           00000024
TABLOSOY                          0000002B
TMR0                              00000001
TMR0IE                            00000005
TMR0IF                            00000002
TMR1                              0000000E
TMR1CS                            00000001
TMR1H                             0000000F
TMR1IE                            00000000
TMR1IF                            00000000
TMR1L                             0000000E
TMR1ON                            00000000
TMR2                              00000011
TMR2IE                            00000001
TMR2IF                            00000001
TMR2ON                            00000002
TOUTPS0                           00000003
MPASM  5.51                         FINAL.ASM   12-29-2018  1:26:28         PAGE 10


SYMBOL TABLE
  LABEL                             VALUE 

TOUTPS1                           00000004
TOUTPS2                           00000005
TOUTPS3                           00000006
TRISA                             00000085
TRISA0                            00000000
TRISA1                            00000001
TRISA2                            00000002
TRISA3                            00000003
TRISA4                            00000004
TRISA5                            00000005
TRISB                             00000086
TRISB0                            00000000
TRISB1                            00000001
TRISB2                            00000002
TRISB3                            00000003
TRISB4                            00000004
TRISB5                            00000005
TRISB6                            00000006
TRISB7                            00000007
TRISC                             00000087
TRISC0                            00000000
TRISC1                            00000001
TRISC2                            00000002
TRISC3                            00000003
TRISC4                            00000004
TRISC5                            00000005
TRISC6                            00000006
TRISC7                            00000007
TRISD                             00000088
TRISD0                            00000000
TRISD1                            00000001
TRISD2                            00000002
TRISD3                            00000003
TRISD4                            00000004
TRISD5                            00000005
TRISD6                            00000006
TRISD7                            00000007
TRISE                             00000089
TRISE0                            00000000
TRISE1                            00000001
TRISE2                            00000002
TRMT                              00000001
TX8_9                             00000006
TX9                               00000006
TX9D                              00000000
TXD8                              00000000
TXEN                              00000005
TXIE                              00000004
TXIF                              00000004
TXREG                             00000019
TXSTA                             00000098
UA                                00000001
UST                               00000024
MPASM  5.51                         FINAL.ASM   12-29-2018  1:26:28         PAGE 11


SYMBOL TABLE
  LABEL                             VALUE 

VERI                              00000025
W                                 00000000
WCOL                              00000007
WR                                00000001
WREN                              00000002
WRERR                             00000003
Z                                 00000002
_BODEN_OFF                        00003FBF
_BODEN_ON                         00003FFF
_BOREN_OFF                        00003FBF
_BOREN_ON                         00003FFF
_CONFIG                           00002007
_CPD_OFF                          00003FFF
_CPD_ON                           00003EFF
_CP_ALL                           00001FFF
_CP_OFF                           00003FFF
_CP_ON                            00001FFF
_DEBUG_OFF                        00003FFF
_DEBUG_ON                         000037FF
_DEVID1                           00002006
_FOSC_EXTRC                       00003FFF
_FOSC_HS                          00003FFE
_FOSC_LP                          00003FFC
_FOSC_XT                          00003FFD
_HS_OSC                           00003FFE
_IDLOC0                           00002000
_IDLOC1                           00002001
_IDLOC2                           00002002
_IDLOC3                           00002003
_LP_OSC                           00003FFC
_LVP_OFF                          00003F7F
_LVP_ON                           00003FFF
_PWRTE_OFF                        00003FFF
_PWRTE_ON                         00003FF7
_RC_OSC                           00003FFF
_WDTE_OFF                         00003FFB
_WDTE_ON                          00003FFF
_WDT_OFF                          00003FFB
_WDT_ON                           00003FFF
_WRT_1FOURTH                      00003BFF
_WRT_256                          00003DFF
_WRT_HALF                         000039FF
_WRT_OFF                          00003FFF
_XT_OSC                           00003FFD
__16F877A                         00000001
__DEBUG                           1
MPASM  5.51                         FINAL.ASM   12-29-2018  1:26:28         PAGE 12


MEMORY USAGE MAP ('X' = Used,  '-' = Unused)


0000 : XXXXXXXXXXXXXXXX XXXXXXXXXXXXXXXX XXXXXXXXXXXXXXXX XXXXXXXXXXXXXXXX
0040 : XXXXXXXXXXXX---- ---------------- ---------------- ----------------
2000 : -------X-------- ---------------- ---------------- ----------------

All other memory blocks unused.

Program Memory Words Used:    76
Program Memory Words Free:  8116


Errors   :     0
Warnings :    80 reported,     0 suppressed
Messages :     2 reported,     0 suppressed

