Warning[205] C:\USERS\ASUS\DOCUMENTS\MPLABORNEKLER\FINAL.ASM 1 : Found directive in column 1. (LIST)
Warning[205] C:\USERS\ASUS\DOCUMENTS\MPLABORNEKLER\FINAL.ASM 2 : Found directive in column 1. (INCLUDE)
Warning[205] C:\USERS\ASUS\DOCUMENTS\MPLABORNEKLER\FINAL.ASM 3 : Found directive in column 1. (__CONFIG)
Warning[205] C:\USERS\ASUS\DOCUMENTS\MPLABORNEKLER\FINAL.ASM 9 : Found directive in column 1. (ORG)
Warning[205] C:\USERS\ASUS\DOCUMENTS\MPLABORNEKLER\FINAL.ASM 12 : Found directive in column 1. (BANKSEL)
Warning[203] C:\USERS\ASUS\DOCUMENTS\MPLABORNEKLER\FINAL.ASM 13 : Found opcode in column 1. (CLRF)
Message[302] C:\USERS\ASUS\DOCUMENTS\MPLABORNEKLER\FINAL.ASM 13 : Register in operand not in bank 0.  Ensure that bank bits are correct.
Warning[203] C:\USERS\ASUS\DOCUMENTS\MPLABORNEKLER\FINAL.ASM 14 : Found opcode in column 1. (CLRF)
Message[302] C:\USERS\ASUS\DOCUMENTS\MPLABORNEKLER\FINAL.ASM 14 : Register in operand not in bank 0.  Ensure that bank bits are correct.
Warning[205] C:\USERS\ASUS\DOCUMENTS\MPLABORNEKLER\FINAL.ASM 15 : Found directive in column 1. (BANKSEL)
Warning[203] C:\USERS\ASUS\DOCUMENTS\MPLABORNEKLER\FINAL.ASM 16 : Found opcode in column 1. (CLRF)
Warning[203] C:\USERS\ASUS\DOCUMENTS\MPLABORNEKLER\FINAL.ASM 17 : Found opcode in column 1. (CLRF)
Warning[203] C:\USERS\ASUS\DOCUMENTS\MPLABORNEKLER\FINAL.ASM 18 : Found opcode in column 1. (MOVLW)
Warning[203] C:\USERS\ASUS\DOCUMENTS\MPLABORNEKLER\FINAL.ASM 19 : Found opcode in column 1. (CALL)
Warning[203] C:\USERS\ASUS\DOCUMENTS\MPLABORNEKLER\FINAL.ASM 20 : Found opcode in column 1. (MOVLW)
Warning[203] C:\USERS\ASUS\DOCUMENTS\MPLABORNEKLER\FINAL.ASM 21 : Found opcode in column 1. (CALL)
Warning[203] C:\USERS\ASUS\DOCUMENTS\MPLABORNEKLER\FINAL.ASM 22 : Found opcode in column 1. (MOVLW)
Warning[203] C:\USERS\ASUS\DOCUMENTS\MPLABORNEKLER\FINAL.ASM 23 : Found opcode in column 1. (MOVWF)
Warning[205] C:\USERS\ASUS\DOCUMENTS\MPLABORNEKLER\FINAL.ASM 24 : Found directive in column 1. (BANKSEL)
Warning[203] C:\USERS\ASUS\DOCUMENTS\MPLABORNEKLER\FINAL.ASM 25 : Found opcode in column 1. (MOVLW)
Warning[203] C:\USERS\ASUS\DOCUMENTS\MPLABORNEKLER\FINAL.ASM 26 : Found opcode in column 1. (MOVWF)
Warning[203] C:\USERS\ASUS\DOCUMENTS\MPLABORNEKLER\FINAL.ASM 27 : Found opcode in column 1. (MOVLW)
Warning[203] C:\USERS\ASUS\DOCUMENTS\MPLABORNEKLER\FINAL.ASM 28 : Found opcode in column 1. (MOVWF)
Warning[203] C:\USERS\ASUS\DOCUMENTS\MPLABORNEKLER\FINAL.ASM 29 : Found opcode in column 1. (BSF)
Warning[203] C:\USERS\ASUS\DOCUMENTS\MPLABORNEKLER\FINAL.ASM 30 : Found opcode in column 1. (BCF)
Warning[207] C:\USERS\ASUS\DOCUMENTS\MPLABORNEKLER\FINAL.ASM 32 : Found label after column 1. (DONGUUST)
Warning[203] C:\USERS\ASUS\DOCUMENTS\MPLABORNEKLER\FINAL.ASM 33 : Found opcode in column 1. (MOVF)
Warning[203] C:\USERS\ASUS\DOCUMENTS\MPLABORNEKLER\FINAL.ASM 34 : Found opcode in column 1. (MOVWF)
Warning[203] C:\USERS\ASUS\DOCUMENTS\MPLABORNEKLER\FINAL.ASM 35 : Found opcode in column 1. (CALL)
Warning[203] C:\USERS\ASUS\DOCUMENTS\MPLABORNEKLER\FINAL.ASM 37 : Found opcode in column 1. (CALL)
Warning[203] C:\USERS\ASUS\DOCUMENTS\MPLABORNEKLER\FINAL.ASM 38 : Found opcode in column 1. (DECFSZ)
Warning[203] C:\USERS\ASUS\DOCUMENTS\MPLABORNEKLER\FINAL.ASM 39 : Found opcode in column 1. (GOTO)
Warning[203] C:\USERS\ASUS\DOCUMENTS\MPLABORNEKLER\FINAL.ASM 41 : Found opcode in column 1. (call)
Warning[207] C:\USERS\ASUS\DOCUMENTS\MPLABORNEKLER\FINAL.ASM 44 : Found label after column 1. (DONGUALT)
Warning[203] C:\USERS\ASUS\DOCUMENTS\MPLABORNEKLER\FINAL.ASM 45 : Found opcode in column 1. (MOVF)
Warning[203] C:\USERS\ASUS\DOCUMENTS\MPLABORNEKLER\FINAL.ASM 46 : Found opcode in column 1. (MOVWF)
Warning[203] C:\USERS\ASUS\DOCUMENTS\MPLABORNEKLER\FINAL.ASM 47 : Found opcode in column 1. (CALL)
Warning[203] C:\USERS\ASUS\DOCUMENTS\MPLABORNEKLER\FINAL.ASM 48 : Found opcode in column 1. (CALL)
Warning[203] C:\USERS\ASUS\DOCUMENTS\MPLABORNEKLER\FINAL.ASM 49 : Found opcode in column 1. (DECFSZ)
Warning[203] C:\USERS\ASUS\DOCUMENTS\MPLABORNEKLER\FINAL.ASM 50 : Found opcode in column 1. (GOTO)
Warning[203] C:\USERS\ASUS\DOCUMENTS\MPLABORNEKLER\FINAL.ASM 53 : Found opcode in column 1. (GOTO)
Warning[203] C:\USERS\ASUS\DOCUMENTS\MPLABORNEKLER\FINAL.ASM 56 : Found opcode in column 1. (ADDWF)
Warning[203] C:\USERS\ASUS\DOCUMENTS\MPLABORNEKLER\FINAL.ASM 57 : Found opcode in column 1. (RETLW)
Warning[203] C:\USERS\ASUS\DOCUMENTS\MPLABORNEKLER\FINAL.ASM 58 : Found opcode in column 1. (RETLW)
Warning[203] C:\USERS\ASUS\DOCUMENTS\MPLABORNEKLER\FINAL.ASM 59 : Found opcode in column 1. (RETLW)
Warning[203] C:\USERS\ASUS\DOCUMENTS\MPLABORNEKLER\FINAL.ASM 60 : Found opcode in column 1. (RETLW)
Warning[203] C:\USERS\ASUS\DOCUMENTS\MPLABORNEKLER\FINAL.ASM 61 : Found opcode in column 1. (RETLW)
Warning[203] C:\USERS\ASUS\DOCUMENTS\MPLABORNEKLER\FINAL.ASM 62 : Found opcode in column 1. (RETLW)
Warning[203] C:\USERS\ASUS\DOCUMENTS\MPLABORNEKLER\FINAL.ASM 67 : Found opcode in column 1. (ADDWF)
Warning[203] C:\USERS\ASUS\DOCUMENTS\MPLABORNEKLER\FINAL.ASM 68 : Found opcode in column 1. (RETLW)
Warning[203] C:\USERS\ASUS\DOCUMENTS\MPLABORNEKLER\FINAL.ASM 69 : Found opcode in column 1. (RETLW)
Warning[203] C:\USERS\ASUS\DOCUMENTS\MPLABORNEKLER\FINAL.ASM 70 : Found opcode in column 1. (RETLW)
Warning[203] C:\USERS\ASUS\DOCUMENTS\MPLABORNEKLER\FINAL.ASM 71 : Found opcode in column 1. (RETLW)
Warning[203] C:\USERS\ASUS\DOCUMENTS\MPLABORNEKLER\FINAL.ASM 72 : Found opcode in column 1. (RETLW)
Warning[203] C:\USERS\ASUS\DOCUMENTS\MPLABORNEKLER\FINAL.ASM 73 : Found opcode in column 1. (RETLW)
Warning[203] C:\USERS\ASUS\DOCUMENTS\MPLABORNEKLER\FINAL.ASM 74 : Found opcode in column 1. (RETLW)
Warning[203] C:\USERS\ASUS\DOCUMENTS\MPLABORNEKLER\FINAL.ASM 77 : Found opcode in column 1. (MOVLW)
Warning[203] C:\USERS\ASUS\DOCUMENTS\MPLABORNEKLER\FINAL.ASM 78 : Found opcode in column 1. (CALL)
Warning[203] C:\USERS\ASUS\DOCUMENTS\MPLABORNEKLER\FINAL.ASM 79 : Found opcode in column 1. (return)
Warning[203] C:\USERS\ASUS\DOCUMENTS\MPLABORNEKLER\FINAL.ASM 82 : Found opcode in column 1. (MOVLW)
Warning[203] C:\USERS\ASUS\DOCUMENTS\MPLABORNEKLER\FINAL.ASM 83 : Found opcode in column 1. (MOVWF)
Warning[203] C:\USERS\ASUS\DOCUMENTS\MPLABORNEKLER\FINAL.ASM 85 : Found opcode in column 1. (MOVLW)
Warning[203] C:\USERS\ASUS\DOCUMENTS\MPLABORNEKLER\FINAL.ASM 86 : Found opcode in column 1. (MOVWF)
Warning[203] C:\USERS\ASUS\DOCUMENTS\MPLABORNEKLER\FINAL.ASM 88 : Found opcode in column 1. (DECFSZ)
Warning[203] C:\USERS\ASUS\DOCUMENTS\MPLABORNEKLER\FINAL.ASM 89 : Found opcode in column 1. (GOTO)
Warning[203] C:\USERS\ASUS\DOCUMENTS\MPLABORNEKLER\FINAL.ASM 90 : Found opcode in column 1. (DECFSZ)
Warning[203] C:\USERS\ASUS\DOCUMENTS\MPLABORNEKLER\FINAL.ASM 91 : Found opcode in column 1. (GOTO)
Warning[203] C:\USERS\ASUS\DOCUMENTS\MPLABORNEKLER\FINAL.ASM 92 : Found opcode in column 1. (RETURN)
Warning[203] C:\USERS\ASUS\DOCUMENTS\MPLABORNEKLER\FINAL.ASM 96 : Found opcode in column 1. (MOVWF)
Warning[203] C:\USERS\ASUS\DOCUMENTS\MPLABORNEKLER\FINAL.ASM 97 : Found opcode in column 1. (BCF)
Warning[203] C:\USERS\ASUS\DOCUMENTS\MPLABORNEKLER\FINAL.ASM 98 : Found opcode in column 1. (BSF)
Warning[203] C:\USERS\ASUS\DOCUMENTS\MPLABORNEKLER\FINAL.ASM 99 : Found opcode in column 1. (CALL)
Warning[203] C:\USERS\ASUS\DOCUMENTS\MPLABORNEKLER\FINAL.ASM 100 : Found opcode in column 1. (BCF)
Warning[203] C:\USERS\ASUS\DOCUMENTS\MPLABORNEKLER\FINAL.ASM 101 : Found opcode in column 1. (nop)
Warning[203] C:\USERS\ASUS\DOCUMENTS\MPLABORNEKLER\FINAL.ASM 102 : Found opcode in column 1. (RETURN)
Warning[203] C:\USERS\ASUS\DOCUMENTS\MPLABORNEKLER\FINAL.ASM 105 : Found opcode in column 1. (MOVWF)
Warning[203] C:\USERS\ASUS\DOCUMENTS\MPLABORNEKLER\FINAL.ASM 107 : Found opcode in column 1. (BSF)
Warning[203] C:\USERS\ASUS\DOCUMENTS\MPLABORNEKLER\FINAL.ASM 108 : Found opcode in column 1. (BSF)
Warning[203] C:\USERS\ASUS\DOCUMENTS\MPLABORNEKLER\FINAL.ASM 109 : Found opcode in column 1. (CALL)
Warning[203] C:\USERS\ASUS\DOCUMENTS\MPLABORNEKLER\FINAL.ASM 110 : Found opcode in column 1. (BCF)
Warning[203] C:\USERS\ASUS\DOCUMENTS\MPLABORNEKLER\FINAL.ASM 111 : Found opcode in column 1. (RETURN)
Warning[205] C:\USERS\ASUS\DOCUMENTS\MPLABORNEKLER\FINAL.ASM 112 : Found directive in column 1. (END)
